mode: atomic
spellingclash/internal/config/config.go:22.21,34.2 1 0
spellingclash/internal/config/config.go:37.46,38.42 1 0
spellingclash/internal/config/config.go:38.42,40.3 1 0
spellingclash/internal/config/config.go:41.2,41.21 1 0
spellingclash/internal/repository/family_repo.go:19.61,21.2 1 0
spellingclash/internal/repository/family_repo.go:24.34,28.2 3 0
spellingclash/internal/repository/family_repo.go:31.86,33.16 2 0
spellingclash/internal/repository/family_repo.go:33.16,35.3 1 0
spellingclash/internal/repository/family_repo.go:36.2,44.16 5 0
spellingclash/internal/repository/family_repo.go:44.16,46.3 1 0
spellingclash/internal/repository/family_repo.go:49.2,51.16 3 0
spellingclash/internal/repository/family_repo.go:51.16,53.3 1 0
spellingclash/internal/repository/family_repo.go:55.2,55.36 1 0
spellingclash/internal/repository/family_repo.go:55.36,57.3 1 0
spellingclash/internal/repository/family_repo.go:59.2,65.20 2 0
spellingclash/internal/repository/family_repo.go:69.81,78.26 4 0
spellingclash/internal/repository/family_repo.go:78.26,80.3 1 0
spellingclash/internal/repository/family_repo.go:81.2,81.16 1 0
spellingclash/internal/repository/family_repo.go:81.16,83.3 1 0
spellingclash/internal/repository/family_repo.go:85.2,85.20 1 0
spellingclash/internal/repository/family_repo.go:89.83,98.16 3 0
spellingclash/internal/repository/family_repo.go:98.16,100.3 1 0
spellingclash/internal/repository/family_repo.go:101.2,104.18 3 0
spellingclash/internal/repository/family_repo.go:104.18,106.93 2 0
spellingclash/internal/repository/family_repo.go:106.93,108.4 1 0
spellingclash/internal/repository/family_repo.go:109.3,109.38 1 0
spellingclash/internal/repository/family_repo.go:112.2,112.22 1 0
spellingclash/internal/repository/family_repo.go:116.96,119.16 3 0
spellingclash/internal/repository/family_repo.go:119.16,121.3 1 0
spellingclash/internal/repository/family_repo.go:122.2,122.12 1 0
spellingclash/internal/repository/family_repo.go:126.90,130.16 4 0
spellingclash/internal/repository/family_repo.go:130.16,132.3 1 0
spellingclash/internal/repository/family_repo.go:133.2,133.23 1 0
spellingclash/internal/repository/family_repo.go:137.110,147.16 3 0
spellingclash/internal/repository/family_repo.go:147.16,149.3 1 0
spellingclash/internal/repository/family_repo.go:150.2,154.18 4 0
spellingclash/internal/repository/family_repo.go:154.18,161.17 4 0
spellingclash/internal/repository/family_repo.go:161.17,163.4 1 0
spellingclash/internal/repository/family_repo.go:164.3,166.30 3 0
spellingclash/internal/repository/family_repo.go:169.2,169.28 1 0
spellingclash/internal/repository/family_repo.go:173.66,176.16 3 0
spellingclash/internal/repository/family_repo.go:176.16,178.3 1 0
spellingclash/internal/repository/family_repo.go:179.2,179.12 1 0
spellingclash/internal/repository/family_repo.go:183.85,192.16 3 0
spellingclash/internal/repository/family_repo.go:192.16,194.3 1 0
spellingclash/internal/repository/family_repo.go:195.2,198.18 3 0
spellingclash/internal/repository/family_repo.go:198.18,204.17 2 0
spellingclash/internal/repository/family_repo.go:204.17,206.4 1 0
spellingclash/internal/repository/family_repo.go:207.3,207.38 1 0
spellingclash/internal/repository/family_repo.go:210.2,210.22 1 0
spellingclash/internal/repository/family_repo.go:214.70,221.16 3 0
spellingclash/internal/repository/family_repo.go:221.16,223.3 1 0
spellingclash/internal/repository/family_repo.go:224.2,227.18 3 0
spellingclash/internal/repository/family_repo.go:227.18,233.17 2 0
spellingclash/internal/repository/family_repo.go:233.17,235.4 1 0
spellingclash/internal/repository/family_repo.go:236.3,236.38 1 0
spellingclash/internal/repository/family_repo.go:239.2,239.22 1 0
spellingclash/internal/repository/family_repo.go:243.83,246.16 3 0
spellingclash/internal/repository/family_repo.go:246.16,248.3 1 0
spellingclash/internal/repository/family_repo.go:249.2,249.12 1 0
spellingclash/internal/repository/family_repo.go:253.88,256.16 3 0
spellingclash/internal/repository/family_repo.go:256.16,258.3 1 0
spellingclash/internal/repository/family_repo.go:259.2,259.12 1 0
spellingclash/internal/repository/kid_repo.go:17.55,19.2 1 0
spellingclash/internal/repository/kid_repo.go:22.114,25.16 3 0
spellingclash/internal/repository/kid_repo.go:25.16,27.3 1 0
spellingclash/internal/repository/kid_repo.go:29.2,40.17 2 0
spellingclash/internal/repository/kid_repo.go:44.70,58.26 4 0
spellingclash/internal/repository/kid_repo.go:58.26,60.3 1 0
spellingclash/internal/repository/kid_repo.go:61.2,61.16 1 0
spellingclash/internal/repository/kid_repo.go:61.16,63.3 1 0
spellingclash/internal/repository/kid_repo.go:65.2,65.17 1 0
spellingclash/internal/repository/kid_repo.go:69.80,83.26 4 0
spellingclash/internal/repository/kid_repo.go:83.26,85.3 1 0
spellingclash/internal/repository/kid_repo.go:86.2,86.16 1 0
spellingclash/internal/repository/kid_repo.go:86.16,88.3 1 0
spellingclash/internal/repository/kid_repo.go:90.2,90.17 1 0
spellingclash/internal/repository/kid_repo.go:94.80,102.16 3 0
spellingclash/internal/repository/kid_repo.go:102.16,104.3 1 0
spellingclash/internal/repository/kid_repo.go:105.2,108.18 3 0
spellingclash/internal/repository/kid_repo.go:108.18,119.17 2 0
spellingclash/internal/repository/kid_repo.go:119.17,121.4 1 0
spellingclash/internal/repository/kid_repo.go:122.3,122.27 1 0
spellingclash/internal/repository/kid_repo.go:125.2,125.18 1 0
spellingclash/internal/repository/kid_repo.go:129.60,136.16 3 0
spellingclash/internal/repository/kid_repo.go:136.16,138.3 1 0
spellingclash/internal/repository/kid_repo.go:139.2,142.18 3 0
spellingclash/internal/repository/kid_repo.go:142.18,153.17 2 0
spellingclash/internal/repository/kid_repo.go:153.17,155.4 1 0
spellingclash/internal/repository/kid_repo.go:156.3,156.27 1 0
spellingclash/internal/repository/kid_repo.go:159.2,159.18 1 0
spellingclash/internal/repository/kid_repo.go:163.80,166.16 3 0
spellingclash/internal/repository/kid_repo.go:166.16,168.3 1 0
spellingclash/internal/repository/kid_repo.go:169.2,169.12 1 0
spellingclash/internal/repository/kid_repo.go:172.79,175.16 3 0
spellingclash/internal/repository/kid_repo.go:175.16,177.3 1 0
spellingclash/internal/repository/kid_repo.go:178.2,178.12 1 0
spellingclash/internal/repository/kid_repo.go:181.54,184.16 3 0
spellingclash/internal/repository/kid_repo.go:184.16,186.3 1 0
spellingclash/internal/repository/kid_repo.go:187.2,187.12 1 0
spellingclash/internal/repository/kid_repo.go:191.100,197.16 3 0
spellingclash/internal/repository/kid_repo.go:197.16,199.3 1 0
spellingclash/internal/repository/kid_repo.go:200.2,200.12 1 0
spellingclash/internal/repository/kid_repo.go:204.72,214.26 5 0
spellingclash/internal/repository/kid_repo.go:214.26,216.3 1 0
spellingclash/internal/repository/kid_repo.go:217.2,217.16 1 0
spellingclash/internal/repository/kid_repo.go:217.16,219.3 1 0
spellingclash/internal/repository/kid_repo.go:222.2,222.33 1 0
spellingclash/internal/repository/kid_repo.go:222.33,226.3 2 0
spellingclash/internal/repository/kid_repo.go:228.2,228.19 1 0
spellingclash/internal/repository/kid_repo.go:232.66,235.16 3 0
spellingclash/internal/repository/kid_repo.go:235.16,237.3 1 0
spellingclash/internal/repository/kid_repo.go:238.2,238.12 1 0
spellingclash/internal/repository/kid_repo.go:242.58,245.16 3 0
spellingclash/internal/repository/kid_repo.go:245.16,247.3 1 0
spellingclash/internal/repository/kid_repo.go:248.2,248.12 1 0
spellingclash/internal/repository/list_repo.go:17.57,19.2 1 0
spellingclash/internal/repository/list_repo.go:22.129,25.16 3 0
spellingclash/internal/repository/list_repo.go:25.16,27.3 1 0
spellingclash/internal/repository/list_repo.go:29.2,40.18 2 0
spellingclash/internal/repository/list_repo.go:44.99,47.16 3 0
spellingclash/internal/repository/list_repo.go:47.16,49.3 1 0
spellingclash/internal/repository/list_repo.go:51.2,62.18 2 0
spellingclash/internal/repository/list_repo.go:66.70,70.16 4 0
spellingclash/internal/repository/list_repo.go:70.16,72.3 1 0
spellingclash/internal/repository/list_repo.go:73.2,73.23 1 0
spellingclash/internal/repository/list_repo.go:77.82,95.26 4 0
spellingclash/internal/repository/list_repo.go:95.26,97.3 1 0
spellingclash/internal/repository/list_repo.go:98.2,98.16 1 0
spellingclash/internal/repository/list_repo.go:98.16,100.3 1 0
spellingclash/internal/repository/list_repo.go:102.2,102.18 1 0
spellingclash/internal/repository/list_repo.go:106.91,114.16 3 0
spellingclash/internal/repository/list_repo.go:114.16,116.3 1 0
spellingclash/internal/repository/list_repo.go:117.2,120.18 3 0
spellingclash/internal/repository/list_repo.go:120.18,131.17 2 0
spellingclash/internal/repository/list_repo.go:131.17,133.4 1 0
spellingclash/internal/repository/list_repo.go:134.3,134.30 1 0
spellingclash/internal/repository/list_repo.go:137.2,137.19 1 0
spellingclash/internal/repository/list_repo.go:141.74,149.16 3 0
spellingclash/internal/repository/list_repo.go:149.16,151.3 1 0
spellingclash/internal/repository/list_repo.go:152.2,155.18 3 0
spellingclash/internal/repository/list_repo.go:155.18,166.17 2 0
spellingclash/internal/repository/list_repo.go:166.17,168.4 1 0
spellingclash/internal/repository/list_repo.go:169.3,169.30 1 0
spellingclash/internal/repository/list_repo.go:172.2,172.19 1 0
spellingclash/internal/repository/list_repo.go:176.83,179.16 3 0
spellingclash/internal/repository/list_repo.go:179.16,181.3 1 0
spellingclash/internal/repository/list_repo.go:182.2,182.12 1 0
spellingclash/internal/repository/list_repo.go:186.57,189.16 3 0
spellingclash/internal/repository/list_repo.go:189.16,191.3 1 0
spellingclash/internal/repository/list_repo.go:192.2,192.12 1 0
spellingclash/internal/repository/list_repo.go:196.132,201.22 4 0
spellingclash/internal/repository/list_repo.go:201.22,204.3 2 0
spellingclash/internal/repository/list_repo.go:204.8,207.3 2 0
spellingclash/internal/repository/list_repo.go:209.2,209.16 1 0
spellingclash/internal/repository/list_repo.go:209.16,211.3 1 0
spellingclash/internal/repository/list_repo.go:213.2,223.18 2 0
spellingclash/internal/repository/list_repo.go:227.76,235.16 3 0
spellingclash/internal/repository/list_repo.go:235.16,237.3 1 0
spellingclash/internal/repository/list_repo.go:238.2,241.18 3 0
spellingclash/internal/repository/list_repo.go:241.18,254.17 3 0
spellingclash/internal/repository/list_repo.go:254.17,256.4 1 0
spellingclash/internal/repository/list_repo.go:257.3,257.26 1 0
spellingclash/internal/repository/list_repo.go:257.26,259.4 1 0
spellingclash/internal/repository/list_repo.go:260.3,260.23 1 0
spellingclash/internal/repository/list_repo.go:260.23,262.4 1 0
spellingclash/internal/repository/list_repo.go:263.3,263.36 1 0
spellingclash/internal/repository/list_repo.go:263.36,265.4 1 0
spellingclash/internal/repository/list_repo.go:266.3,266.30 1 0
spellingclash/internal/repository/list_repo.go:269.2,269.19 1 0
spellingclash/internal/repository/list_repo.go:273.74,291.26 5 0
spellingclash/internal/repository/list_repo.go:291.26,293.3 1 0
spellingclash/internal/repository/list_repo.go:294.2,294.16 1 0
spellingclash/internal/repository/list_repo.go:294.16,296.3 1 0
spellingclash/internal/repository/list_repo.go:298.2,298.25 1 0
spellingclash/internal/repository/list_repo.go:298.25,300.3 1 0
spellingclash/internal/repository/list_repo.go:302.2,302.18 1 0
spellingclash/internal/repository/list_repo.go:306.109,309.16 3 0
spellingclash/internal/repository/list_repo.go:309.16,311.3 1 0
spellingclash/internal/repository/list_repo.go:312.2,312.12 1 0
spellingclash/internal/repository/list_repo.go:316.84,319.16 3 0
spellingclash/internal/repository/list_repo.go:319.16,321.3 1 0
spellingclash/internal/repository/list_repo.go:322.2,322.12 1 0
spellingclash/internal/repository/list_repo.go:326.104,329.16 3 0
spellingclash/internal/repository/list_repo.go:329.16,331.3 1 0
spellingclash/internal/repository/list_repo.go:332.2,332.12 1 0
spellingclash/internal/repository/list_repo.go:336.57,339.16 3 0
spellingclash/internal/repository/list_repo.go:339.16,341.3 1 0
spellingclash/internal/repository/list_repo.go:342.2,342.12 1 0
spellingclash/internal/repository/list_repo.go:346.111,347.25 1 0
spellingclash/internal/repository/list_repo.go:347.25,349.3 1 0
spellingclash/internal/repository/list_repo.go:351.2,354.16 4 0
spellingclash/internal/repository/list_repo.go:354.16,356.3 1 0
spellingclash/internal/repository/list_repo.go:357.2,357.23 1 0
spellingclash/internal/repository/list_repo.go:361.131,362.35 1 0
spellingclash/internal/repository/list_repo.go:362.35,364.3 1 0
spellingclash/internal/repository/list_repo.go:366.2,369.16 4 0
spellingclash/internal/repository/list_repo.go:369.16,371.3 1 0
spellingclash/internal/repository/list_repo.go:372.2,372.23 1 0
spellingclash/internal/repository/list_repo.go:376.66,380.16 4 0
spellingclash/internal/repository/list_repo.go:380.16,382.3 1 0
spellingclash/internal/repository/list_repo.go:383.2,383.19 1 0
spellingclash/internal/repository/list_repo.go:387.63,394.16 3 0
spellingclash/internal/repository/list_repo.go:394.16,396.3 1 0
spellingclash/internal/repository/list_repo.go:397.2,400.18 3 0
spellingclash/internal/repository/list_repo.go:400.18,413.17 3 0
spellingclash/internal/repository/list_repo.go:413.17,415.4 1 0
spellingclash/internal/repository/list_repo.go:416.3,416.26 1 0
spellingclash/internal/repository/list_repo.go:416.26,418.4 1 0
spellingclash/internal/repository/list_repo.go:419.3,419.23 1 0
spellingclash/internal/repository/list_repo.go:419.23,421.4 1 0
spellingclash/internal/repository/list_repo.go:422.3,422.36 1 0
spellingclash/internal/repository/list_repo.go:422.36,424.4 1 0
spellingclash/internal/repository/list_repo.go:425.3,425.30 1 0
spellingclash/internal/repository/list_repo.go:428.2,428.19 1 0
spellingclash/internal/repository/list_repo.go:432.67,439.16 3 0
spellingclash/internal/repository/list_repo.go:439.16,441.3 1 0
spellingclash/internal/repository/list_repo.go:442.2,445.18 3 0
spellingclash/internal/repository/list_repo.go:445.18,447.46 2 0
spellingclash/internal/repository/list_repo.go:447.46,449.4 1 0
spellingclash/internal/repository/list_repo.go:450.3,450.42 1 0
spellingclash/internal/repository/list_repo.go:453.2,453.23 1 0
spellingclash/internal/repository/list_repo.go:457.81,460.16 3 0
spellingclash/internal/repository/list_repo.go:460.16,462.3 1 0
spellingclash/internal/repository/list_repo.go:463.2,463.12 1 0
spellingclash/internal/repository/list_repo.go:467.73,470.16 3 0
spellingclash/internal/repository/list_repo.go:470.16,472.3 1 0
spellingclash/internal/repository/list_repo.go:473.2,473.12 1 0
spellingclash/internal/repository/list_repo.go:477.90,486.16 3 0
spellingclash/internal/repository/list_repo.go:486.16,488.3 1 0
spellingclash/internal/repository/list_repo.go:489.2,492.18 3 0
spellingclash/internal/repository/list_repo.go:492.18,502.17 2 0
spellingclash/internal/repository/list_repo.go:502.17,504.4 1 0
spellingclash/internal/repository/list_repo.go:505.3,505.30 1 0
spellingclash/internal/repository/list_repo.go:508.2,508.19 1 0
spellingclash/internal/repository/list_repo.go:512.82,521.16 3 0
spellingclash/internal/repository/list_repo.go:521.16,523.3 1 0
spellingclash/internal/repository/list_repo.go:524.2,527.18 3 0
spellingclash/internal/repository/list_repo.go:527.18,536.17 2 0
spellingclash/internal/repository/list_repo.go:536.17,538.4 1 0
spellingclash/internal/repository/list_repo.go:539.3,539.27 1 0
spellingclash/internal/repository/list_repo.go:542.2,542.18 1 0
spellingclash/internal/repository/list_repo.go:546.110,560.16 3 0
spellingclash/internal/repository/list_repo.go:560.16,562.3 1 0
spellingclash/internal/repository/list_repo.go:563.2,566.18 3 0
spellingclash/internal/repository/list_repo.go:566.18,578.17 2 0
spellingclash/internal/repository/list_repo.go:578.17,580.4 1 0
spellingclash/internal/repository/list_repo.go:581.3,581.30 1 0
spellingclash/internal/repository/list_repo.go:584.2,584.19 1 0
spellingclash/internal/repository/list_repo.go:588.81,592.16 4 0
spellingclash/internal/repository/list_repo.go:592.16,594.3 1 0
spellingclash/internal/repository/list_repo.go:595.2,595.23 1 0
spellingclash/internal/repository/list_repo.go:600.74,602.2 1 0
spellingclash/internal/repository/practice_repo.go:16.65,18.2 1 0
spellingclash/internal/repository/practice_repo.go:21.114,28.16 3 0
spellingclash/internal/repository/practice_repo.go:28.16,30.3 1 0
spellingclash/internal/repository/practice_repo.go:32.2,32.29 1 0
spellingclash/internal/repository/practice_repo.go:36.95,58.16 5 0
spellingclash/internal/repository/practice_repo.go:58.16,60.3 1 0
spellingclash/internal/repository/practice_repo.go:62.2,62.23 1 0
spellingclash/internal/repository/practice_repo.go:62.23,64.3 1 0
spellingclash/internal/repository/practice_repo.go:66.2,66.21 1 0
spellingclash/internal/repository/practice_repo.go:70.165,77.16 3 0
spellingclash/internal/repository/practice_repo.go:77.16,79.3 1 0
spellingclash/internal/repository/practice_repo.go:81.2,90.8 1 0
spellingclash/internal/repository/practice_repo.go:94.100,103.2 3 0
spellingclash/internal/repository/practice_repo.go:106.96,116.16 3 0
spellingclash/internal/repository/practice_repo.go:116.16,118.3 1 0
spellingclash/internal/repository/practice_repo.go:119.2,122.18 3 0
spellingclash/internal/repository/practice_repo.go:122.18,134.17 3 0
spellingclash/internal/repository/practice_repo.go:134.17,136.4 1 0
spellingclash/internal/repository/practice_repo.go:137.3,137.39 1 0
spellingclash/internal/repository/practice_repo.go:140.2,140.29 1 0
spellingclash/internal/repository/practice_repo.go:144.103,155.16 3 0
spellingclash/internal/repository/practice_repo.go:155.16,157.3 1 0
spellingclash/internal/repository/practice_repo.go:158.2,161.18 3 0
spellingclash/internal/repository/practice_repo.go:161.18,175.17 4 0
spellingclash/internal/repository/practice_repo.go:175.17,177.4 1 0
spellingclash/internal/repository/practice_repo.go:179.3,179.24 1 0
spellingclash/internal/repository/practice_repo.go:179.24,181.4 1 0
spellingclash/internal/repository/practice_repo.go:183.3,183.39 1 0
spellingclash/internal/repository/practice_repo.go:186.2,186.29 1 0
spellingclash/internal/repository/practice_repo.go:190.112,211.16 3 0
spellingclash/internal/repository/practice_repo.go:211.16,213.3 1 0
spellingclash/internal/repository/practice_repo.go:214.2,217.18 3 0
spellingclash/internal/repository/practice_repo.go:217.18,233.17 5 0
spellingclash/internal/repository/practice_repo.go:233.17,235.4 1 0
spellingclash/internal/repository/practice_repo.go:237.3,237.24 1 0
spellingclash/internal/repository/practice_repo.go:237.24,239.4 1 0
spellingclash/internal/repository/practice_repo.go:241.3,241.39 1 0
spellingclash/internal/repository/practice_repo.go:244.2,244.29 1 0
spellingclash/internal/repository/practice_repo.go:248.81,253.16 4 0
spellingclash/internal/repository/practice_repo.go:253.16,255.3 1 0
spellingclash/internal/repository/practice_repo.go:258.2,261.16 4 0
spellingclash/internal/repository/practice_repo.go:261.16,263.3 1 0
spellingclash/internal/repository/practice_repo.go:265.2,265.42 1 0
spellingclash/internal/repository/practice_repo.go:269.74,279.16 4 0
spellingclash/internal/repository/practice_repo.go:279.16,281.3 1 0
spellingclash/internal/repository/practice_repo.go:284.2,292.16 4 0
spellingclash/internal/repository/practice_repo.go:292.16,294.3 1 0
spellingclash/internal/repository/practice_repo.go:296.2,296.44 1 0
spellingclash/internal/repository/practice_repo.go:300.162,312.2 5 0
spellingclash/internal/repository/practice_repo.go:315.91,334.26 4 0
spellingclash/internal/repository/practice_repo.go:334.26,336.3 1 0
spellingclash/internal/repository/practice_repo.go:337.2,337.16 1 0
spellingclash/internal/repository/practice_repo.go:337.16,339.3 1 0
spellingclash/internal/repository/practice_repo.go:341.2,341.19 1 0
spellingclash/internal/repository/practice_repo.go:345.69,349.2 3 0
spellingclash/internal/repository/practice_repo.go:352.111,364.2 5 0
spellingclash/internal/repository/practice_repo.go:367.102,376.26 4 0
spellingclash/internal/repository/practice_repo.go:376.26,378.3 1 0
spellingclash/internal/repository/practice_repo.go:379.2,379.23 1 0
spellingclash/internal/repository/practice_repo.go:383.78,387.2 3 0
spellingclash/internal/repository/practice_repo.go:398.121,399.23 1 0
spellingclash/internal/repository/practice_repo.go:399.23,401.3 1 0
spellingclash/internal/repository/practice_repo.go:404.2,406.29 3 0
spellingclash/internal/repository/practice_repo.go:406.29,408.3 1 0
spellingclash/internal/repository/practice_repo.go:410.2,423.16 3 0
spellingclash/internal/repository/practice_repo.go:423.16,425.3 1 0
spellingclash/internal/repository/practice_repo.go:426.2,429.18 3 0
spellingclash/internal/repository/practice_repo.go:429.18,432.78 3 0
spellingclash/internal/repository/practice_repo.go:432.78,434.4 1 0
spellingclash/internal/repository/practice_repo.go:436.3,437.24 2 0
spellingclash/internal/repository/practice_repo.go:437.24,439.4 1 0
spellingclash/internal/repository/practice_repo.go:441.3,446.4 1 0
spellingclash/internal/repository/practice_repo.go:449.2,449.25 1 0
spellingclash/internal/repository/practice_repo.go:453.45,454.16 1 0
spellingclash/internal/repository/practice_repo.go:454.16,456.3 1 0
spellingclash/internal/repository/practice_repo.go:457.2,458.29 2 0
spellingclash/internal/repository/practice_repo.go:458.29,459.12 1 0
spellingclash/internal/repository/practice_repo.go:459.12,461.4 1 0
spellingclash/internal/repository/practice_repo.go:462.3,462.26 1 0
spellingclash/internal/repository/practice_repo.go:464.2,464.29 1 0
spellingclash/internal/repository/practice_repo.go:480.130,500.16 3 0
spellingclash/internal/repository/practice_repo.go:500.16,502.3 1 0
spellingclash/internal/repository/practice_repo.go:503.2,506.18 3 0
spellingclash/internal/repository/practice_repo.go:506.18,510.120 3 0
spellingclash/internal/repository/practice_repo.go:510.120,512.4 1 0
spellingclash/internal/repository/practice_repo.go:514.3,517.24 3 0
spellingclash/internal/repository/practice_repo.go:517.24,519.4 1 0
spellingclash/internal/repository/practice_repo.go:522.3,522.35 1 0
spellingclash/internal/repository/practice_repo.go:522.35,524.4 1 0
spellingclash/internal/repository/practice_repo.go:527.2,527.29 1 0
spellingclash/internal/repository/practice_repo.go:531.81,555.16 5 0
spellingclash/internal/repository/practice_repo.go:555.16,557.3 1 0
spellingclash/internal/repository/practice_repo.go:559.2,583.16 6 0
spellingclash/internal/repository/practice_repo.go:583.16,590.3 5 0
spellingclash/internal/repository/practice_repo.go:593.2,613.16 4 0
spellingclash/internal/repository/practice_repo.go:613.16,620.3 5 0
spellingclash/internal/repository/practice_repo.go:623.2,623.35 1 0
spellingclash/internal/repository/practice_repo.go:623.35,625.3 1 0
spellingclash/internal/repository/practice_repo.go:627.2,627.19 1 0
spellingclash/internal/repository/user_repo.go:17.57,19.2 1 0
spellingclash/internal/repository/user_repo.go:22.93,27.16 4 0
spellingclash/internal/repository/user_repo.go:27.16,29.3 1 0
spellingclash/internal/repository/user_repo.go:32.2,39.16 4 0
spellingclash/internal/repository/user_repo.go:39.16,41.3 1 0
spellingclash/internal/repository/user_repo.go:43.2,53.18 2 0
spellingclash/internal/repository/user_repo.go:57.77,74.26 4 0
spellingclash/internal/repository/user_repo.go:74.26,76.3 1 0
spellingclash/internal/repository/user_repo.go:77.2,77.16 1 0
spellingclash/internal/repository/user_repo.go:77.16,79.3 1 0
spellingclash/internal/repository/user_repo.go:81.2,81.18 1 0
spellingclash/internal/repository/user_repo.go:85.70,102.26 4 0
spellingclash/internal/repository/user_repo.go:102.26,104.3 1 0
spellingclash/internal/repository/user_repo.go:105.2,105.16 1 0
spellingclash/internal/repository/user_repo.go:105.16,107.3 1 0
spellingclash/internal/repository/user_repo.go:109.2,109.18 1 0
spellingclash/internal/repository/user_repo.go:113.118,119.16 3 0
spellingclash/internal/repository/user_repo.go:119.16,121.3 1 0
spellingclash/internal/repository/user_repo.go:123.2,130.21 2 0
spellingclash/internal/repository/user_repo.go:134.80,148.26 4 0
spellingclash/internal/repository/user_repo.go:148.26,150.3 1 0
spellingclash/internal/repository/user_repo.go:151.2,151.16 1 0
spellingclash/internal/repository/user_repo.go:151.16,153.3 1 0
spellingclash/internal/repository/user_repo.go:155.2,155.21 1 0
spellingclash/internal/repository/user_repo.go:159.64,162.16 3 0
spellingclash/internal/repository/user_repo.go:162.16,164.3 1 0
spellingclash/internal/repository/user_repo.go:165.2,165.12 1 0
spellingclash/internal/repository/user_repo.go:169.56,172.16 3 0
spellingclash/internal/repository/user_repo.go:172.16,174.3 1 0
spellingclash/internal/repository/user_repo.go:175.2,175.12 1 0
spellingclash/internal/repository/user_repo.go:179.63,186.16 3 0
spellingclash/internal/repository/user_repo.go:186.16,188.3 1 0
spellingclash/internal/repository/user_repo.go:189.2,192.18 3 0
spellingclash/internal/repository/user_repo.go:192.18,202.17 2 0
spellingclash/internal/repository/user_repo.go:202.17,204.4 1 0
spellingclash/internal/repository/user_repo.go:205.3,205.30 1 0
spellingclash/internal/repository/user_repo.go:208.2,208.19 1 0
spellingclash/internal/repository/user_repo.go:212.87,219.16 3 0
spellingclash/internal/repository/user_repo.go:219.16,221.3 1 0
spellingclash/internal/repository/user_repo.go:222.2,222.12 1 0
spellingclash/internal/repository/user_repo.go:226.53,229.16 3 0
spellingclash/internal/repository/user_repo.go:229.16,231.3 1 0
spellingclash/internal/repository/user_repo.go:232.2,232.12 1 0
spellingclash/internal/handlers/admin_handler.go:27.308,38.2 1 0
spellingclash/internal/handlers/admin_handler.go:41.83,43.34 2 0
spellingclash/internal/handlers/admin_handler.go:43.34,46.3 2 0
spellingclash/internal/handlers/admin_handler.go:48.2,49.16 2 0
spellingclash/internal/handlers/admin_handler.go:49.16,53.3 3 0
spellingclash/internal/handlers/admin_handler.go:55.2,64.85 3 0
spellingclash/internal/handlers/admin_handler.go:64.85,67.3 2 0
spellingclash/internal/handlers/admin_handler.go:71.86,73.34 2 0
spellingclash/internal/handlers/admin_handler.go:73.34,76.3 2 0
spellingclash/internal/handlers/admin_handler.go:78.2,78.33 1 0
spellingclash/internal/handlers/admin_handler.go:78.33,81.3 2 0
spellingclash/internal/handlers/admin_handler.go:84.2,85.16 2 0
spellingclash/internal/handlers/admin_handler.go:85.16,89.3 3 0
spellingclash/internal/handlers/admin_handler.go:91.2,91.35 1 0
spellingclash/internal/handlers/admin_handler.go:91.35,92.56 1 0
spellingclash/internal/handlers/admin_handler.go:92.56,94.4 1 0
spellingclash/internal/handlers/admin_handler.go:98.2,98.63 1 0
spellingclash/internal/handlers/admin_handler.go:98.63,102.3 3 0
spellingclash/internal/handlers/admin_handler.go:105.2,105.61 1 0
spellingclash/internal/handlers/admin_handler.go:105.61,107.3 1 0
spellingclash/internal/handlers/admin_handler.go:109.2,109.62 1 0
spellingclash/internal/handlers/admin_handler.go:113.61,115.16 2 0
spellingclash/internal/handlers/admin_handler.go:115.16,117.3 1 0
spellingclash/internal/handlers/admin_handler.go:118.2,119.14 2 0
spellingclash/internal/handlers/admin_handler.go:123.82,125.34 2 0
spellingclash/internal/handlers/admin_handler.go:125.34,128.3 2 0
spellingclash/internal/handlers/admin_handler.go:130.2,131.16 2 0
spellingclash/internal/handlers/admin_handler.go:131.16,135.3 3 0
spellingclash/internal/handlers/admin_handler.go:138.2,144.26 3 0
spellingclash/internal/handlers/admin_handler.go:144.26,147.17 3 0
spellingclash/internal/handlers/admin_handler.go:147.17,149.4 1 0
spellingclash/internal/handlers/admin_handler.go:149.9,149.31 1 0
spellingclash/internal/handlers/admin_handler.go:149.31,151.4 1 0
spellingclash/internal/handlers/admin_handler.go:152.3,152.49 1 0
spellingclash/internal/handlers/admin_handler.go:155.2,164.83 3 0
spellingclash/internal/handlers/admin_handler.go:164.83,167.3 2 0
spellingclash/internal/handlers/admin_handler.go:171.77,173.34 2 0
spellingclash/internal/handlers/admin_handler.go:173.34,176.3 2 0
spellingclash/internal/handlers/admin_handler.go:178.2,178.38 1 0
spellingclash/internal/handlers/admin_handler.go:178.38,181.3 2 0
spellingclash/internal/handlers/admin_handler.go:183.2,184.16 2 0
spellingclash/internal/handlers/admin_handler.go:184.16,187.3 2 0
spellingclash/internal/handlers/admin_handler.go:189.2,194.76 4 0
spellingclash/internal/handlers/admin_handler.go:194.76,198.3 3 0
spellingclash/internal/handlers/admin_handler.go:200.2,200.60 1 0
spellingclash/internal/handlers/admin_handler.go:204.77,206.34 2 0
spellingclash/internal/handlers/admin_handler.go:206.34,209.3 2 0
spellingclash/internal/handlers/admin_handler.go:211.2,211.38 1 0
spellingclash/internal/handlers/admin_handler.go:211.38,214.3 2 0
spellingclash/internal/handlers/admin_handler.go:216.2,221.49 5 0
spellingclash/internal/handlers/admin_handler.go:221.49,224.3 2 0
spellingclash/internal/handlers/admin_handler.go:227.2,228.16 2 0
spellingclash/internal/handlers/admin_handler.go:228.16,232.3 3 0
spellingclash/internal/handlers/admin_handler.go:235.2,236.16 2 0
spellingclash/internal/handlers/admin_handler.go:236.16,240.3 3 0
spellingclash/internal/handlers/admin_handler.go:243.2,243.48 1 0
spellingclash/internal/handlers/admin_handler.go:243.48,244.94 1 0
spellingclash/internal/handlers/admin_handler.go:244.94,246.4 1 0
spellingclash/internal/handlers/admin_handler.go:250.2,250.65 1 0
spellingclash/internal/handlers/admin_handler.go:250.65,253.3 1 0
spellingclash/internal/handlers/admin_handler.go:255.2,255.60 1 0
spellingclash/internal/handlers/admin_handler.go:259.77,261.34 2 0
spellingclash/internal/handlers/admin_handler.go:261.34,264.3 2 0
spellingclash/internal/handlers/admin_handler.go:266.2,267.16 2 0
spellingclash/internal/handlers/admin_handler.go:267.16,270.3 2 0
spellingclash/internal/handlers/admin_handler.go:273.2,273.23 1 0
spellingclash/internal/handlers/admin_handler.go:273.23,276.3 2 0
spellingclash/internal/handlers/admin_handler.go:278.2,278.54 1 0
spellingclash/internal/handlers/admin_handler.go:278.54,282.3 3 0
spellingclash/internal/handlers/admin_handler.go:284.2,284.60 1 0
spellingclash/internal/handlers/admin_handler.go:288.83,290.34 2 0
spellingclash/internal/handlers/admin_handler.go:290.34,293.3 2 0
spellingclash/internal/handlers/admin_handler.go:295.2,296.16 2 0
spellingclash/internal/handlers/admin_handler.go:296.16,300.3 3 0
spellingclash/internal/handlers/admin_handler.go:302.2,303.16 2 0
spellingclash/internal/handlers/admin_handler.go:303.16,307.3 3 0
spellingclash/internal/handlers/admin_handler.go:310.2,311.34 2 0
spellingclash/internal/handlers/admin_handler.go:311.34,313.17 2 0
spellingclash/internal/handlers/admin_handler.go:313.17,315.12 2 0
spellingclash/internal/handlers/admin_handler.go:317.3,317.45 1 0
spellingclash/internal/handlers/admin_handler.go:320.2,331.84 3 0
spellingclash/internal/handlers/admin_handler.go:331.84,334.3 2 0
spellingclash/internal/handlers/admin_handler.go:338.77,340.34 2 0
spellingclash/internal/handlers/admin_handler.go:340.34,343.3 2 0
spellingclash/internal/handlers/admin_handler.go:345.2,345.38 1 0
spellingclash/internal/handlers/admin_handler.go:345.38,348.3 2 0
spellingclash/internal/handlers/admin_handler.go:350.2,351.21 2 0
spellingclash/internal/handlers/admin_handler.go:351.21,354.3 2 0
spellingclash/internal/handlers/admin_handler.go:356.2,357.16 2 0
spellingclash/internal/handlers/admin_handler.go:357.16,360.3 2 0
spellingclash/internal/handlers/admin_handler.go:362.2,363.16 2 0
spellingclash/internal/handlers/admin_handler.go:363.16,367.3 3 0
spellingclash/internal/handlers/admin_handler.go:369.2,369.61 1 0
spellingclash/internal/handlers/admin_handler.go:373.77,375.34 2 0
spellingclash/internal/handlers/admin_handler.go:375.34,378.3 2 0
spellingclash/internal/handlers/admin_handler.go:380.2,380.38 1 0
spellingclash/internal/handlers/admin_handler.go:380.38,383.3 2 0
spellingclash/internal/handlers/admin_handler.go:385.2,386.22 2 0
spellingclash/internal/handlers/admin_handler.go:386.22,389.3 2 0
spellingclash/internal/handlers/admin_handler.go:391.2,395.16 3 0
spellingclash/internal/handlers/admin_handler.go:395.16,399.3 3 0
spellingclash/internal/handlers/admin_handler.go:402.2,403.35 2 0
spellingclash/internal/handlers/admin_handler.go:403.35,405.3 1 0
spellingclash/internal/handlers/admin_handler.go:408.2,409.35 2 0
spellingclash/internal/handlers/admin_handler.go:409.35,411.17 2 0
spellingclash/internal/handlers/admin_handler.go:411.17,412.12 1 0
spellingclash/internal/handlers/admin_handler.go:414.3,414.27 1 0
spellingclash/internal/handlers/admin_handler.go:418.2,418.35 1 0
spellingclash/internal/handlers/admin_handler.go:418.35,419.26 1 0
spellingclash/internal/handlers/admin_handler.go:419.26,420.78 1 0
spellingclash/internal/handlers/admin_handler.go:420.78,422.5 1 0
spellingclash/internal/handlers/admin_handler.go:427.2,427.35 1 0
spellingclash/internal/handlers/admin_handler.go:427.35,428.32 1 0
spellingclash/internal/handlers/admin_handler.go:428.32,429.75 1 0
spellingclash/internal/handlers/admin_handler.go:429.75,431.5 1 0
spellingclash/internal/handlers/admin_handler.go:435.2,435.61 1 0
spellingclash/internal/handlers/admin_handler.go:439.77,441.34 2 0
spellingclash/internal/handlers/admin_handler.go:441.34,444.3 2 0
spellingclash/internal/handlers/admin_handler.go:446.2,447.22 2 0
spellingclash/internal/handlers/admin_handler.go:447.22,450.3 2 0
spellingclash/internal/handlers/admin_handler.go:452.2,452.62 1 0
spellingclash/internal/handlers/admin_handler.go:452.62,456.3 3 0
spellingclash/internal/handlers/admin_handler.go:458.2,458.61 1 0
spellingclash/internal/handlers/admin_handler.go:462.79,464.34 2 0
spellingclash/internal/handlers/admin_handler.go:464.34,467.3 2 0
spellingclash/internal/handlers/admin_handler.go:469.2,470.16 2 0
spellingclash/internal/handlers/admin_handler.go:470.16,474.3 3 0
spellingclash/internal/handlers/admin_handler.go:476.2,485.80 3 0
spellingclash/internal/handlers/admin_handler.go:485.80,488.3 2 0
spellingclash/internal/handlers/admin_handler.go:492.74,494.34 2 0
spellingclash/internal/handlers/admin_handler.go:494.34,497.3 2 0
spellingclash/internal/handlers/admin_handler.go:499.2,499.38 1 0
spellingclash/internal/handlers/admin_handler.go:499.38,502.3 2 0
spellingclash/internal/handlers/admin_handler.go:504.2,505.16 2 0
spellingclash/internal/handlers/admin_handler.go:505.16,508.3 2 0
spellingclash/internal/handlers/admin_handler.go:510.2,515.70 4 0
spellingclash/internal/handlers/admin_handler.go:515.70,519.3 3 0
spellingclash/internal/handlers/admin_handler.go:522.2,522.20 1 0
spellingclash/internal/handlers/admin_handler.go:522.20,523.70 1 0
spellingclash/internal/handlers/admin_handler.go:523.70,525.4 1 0
spellingclash/internal/handlers/admin_handler.go:531.2,531.57 1 0
spellingclash/internal/handlers/admin_handler.go:535.74,537.34 2 0
spellingclash/internal/handlers/admin_handler.go:537.34,540.3 2 0
spellingclash/internal/handlers/admin_handler.go:542.2,543.16 2 0
spellingclash/internal/handlers/admin_handler.go:543.16,546.3 2 0
spellingclash/internal/handlers/admin_handler.go:548.2,548.51 1 0
spellingclash/internal/handlers/admin_handler.go:548.51,552.3 3 0
spellingclash/internal/handlers/admin_handler.go:554.2,554.57 1 0
spellingclash/internal/handlers/auth_handler.go:18.98,23.2 1 0
spellingclash/internal/handlers/auth_handler.go:26.73,28.55 1 0
spellingclash/internal/handlers/auth_handler.go:28.55,29.72 1 0
spellingclash/internal/handlers/auth_handler.go:29.72,32.4 2 0
spellingclash/internal/handlers/auth_handler.go:35.2,39.75 2 0
spellingclash/internal/handlers/auth_handler.go:39.75,42.3 2 0
spellingclash/internal/handlers/auth_handler.go:46.69,47.38 1 0
spellingclash/internal/handlers/auth_handler.go:47.38,50.3 2 0
spellingclash/internal/handlers/auth_handler.go:52.2,57.16 4 0
spellingclash/internal/handlers/auth_handler.go:57.16,64.76 2 0
spellingclash/internal/handlers/auth_handler.go:64.76,67.4 2 0
spellingclash/internal/handlers/auth_handler.go:68.3,68.9 1 0
spellingclash/internal/handlers/auth_handler.go:72.2,75.63 2 0
spellingclash/internal/handlers/auth_handler.go:79.76,81.55 1 0
spellingclash/internal/handlers/auth_handler.go:81.55,82.72 1 0
spellingclash/internal/handlers/auth_handler.go:82.72,85.4 2 0
spellingclash/internal/handlers/auth_handler.go:89.2,96.78 3 0
spellingclash/internal/handlers/auth_handler.go:96.78,99.3 2 0
spellingclash/internal/handlers/auth_handler.go:103.72,104.38 1 0
spellingclash/internal/handlers/auth_handler.go:104.38,107.3 2 0
spellingclash/internal/handlers/auth_handler.go:109.2,116.16 6 0
spellingclash/internal/handlers/auth_handler.go:116.16,125.79 2 0
spellingclash/internal/handlers/auth_handler.go:125.79,128.4 2 0
spellingclash/internal/handlers/auth_handler.go:129.3,129.9 1 0
spellingclash/internal/handlers/auth_handler.go:133.2,134.16 2 0
spellingclash/internal/handlers/auth_handler.go:134.16,138.3 2 0
spellingclash/internal/handlers/auth_handler.go:141.2,144.63 2 0
spellingclash/internal/handlers/auth_handler.go:148.70,151.16 2 0
spellingclash/internal/handlers/auth_handler.go:151.16,154.3 1 0
spellingclash/internal/handlers/auth_handler.go:157.2,160.47 2 0
spellingclash/internal/handlers/auth_handler.go:164.68,166.55 1 0
spellingclash/internal/handlers/auth_handler.go:166.55,167.72 1 0
spellingclash/internal/handlers/auth_handler.go:167.72,170.4 2 0
spellingclash/internal/handlers/auth_handler.go:174.2,174.52 1 0
spellingclash/internal/handlers/hangman_handler.go:25.121,31.2 1 0
spellingclash/internal/handlers/hangman_handler.go:34.79,38.16 3 0
spellingclash/internal/handlers/hangman_handler.go:38.16,42.3 3 0
spellingclash/internal/handlers/hangman_handler.go:44.2,47.16 4 0
spellingclash/internal/handlers/hangman_handler.go:47.16,51.3 3 0
spellingclash/internal/handlers/hangman_handler.go:54.2,56.16 3 0
spellingclash/internal/handlers/hangman_handler.go:56.16,60.3 3 0
spellingclash/internal/handlers/hangman_handler.go:62.2,63.21 2 0
spellingclash/internal/handlers/hangman_handler.go:63.21,67.3 3 0
spellingclash/internal/handlers/hangman_handler.go:70.2,70.42 1 0
spellingclash/internal/handlers/hangman_handler.go:70.42,72.3 1 0
spellingclash/internal/handlers/hangman_handler.go:73.2,78.16 4 0
spellingclash/internal/handlers/hangman_handler.go:78.16,82.3 3 0
spellingclash/internal/handlers/hangman_handler.go:84.2,88.16 4 0
spellingclash/internal/handlers/hangman_handler.go:88.16,92.3 3 0
spellingclash/internal/handlers/hangman_handler.go:94.2,97.63 2 0
spellingclash/internal/handlers/hangman_handler.go:101.78,103.16 2 0
spellingclash/internal/handlers/hangman_handler.go:103.16,106.3 2 0
spellingclash/internal/handlers/hangman_handler.go:109.2,110.63 2 0
spellingclash/internal/handlers/hangman_handler.go:110.63,114.3 3 0
spellingclash/internal/handlers/hangman_handler.go:117.2,117.38 1 0
spellingclash/internal/handlers/hangman_handler.go:117.38,119.63 1 0
spellingclash/internal/handlers/hangman_handler.go:119.63,124.4 3 0
spellingclash/internal/handlers/hangman_handler.go:127.3,128.36 2 0
spellingclash/internal/handlers/hangman_handler.go:128.36,131.4 2 0
spellingclash/internal/handlers/hangman_handler.go:133.3,133.31 1 0
spellingclash/internal/handlers/hangman_handler.go:133.31,137.4 3 0
spellingclash/internal/handlers/hangman_handler.go:139.3,141.17 3 0
spellingclash/internal/handlers/hangman_handler.go:141.17,145.4 3 0
spellingclash/internal/handlers/hangman_handler.go:147.3,161.4 1 0
spellingclash/internal/handlers/hangman_handler.go:164.2,170.77 2 0
spellingclash/internal/handlers/hangman_handler.go:170.77,173.3 2 0
spellingclash/internal/handlers/hangman_handler.go:177.78,179.16 2 0
spellingclash/internal/handlers/hangman_handler.go:179.16,182.3 2 0
spellingclash/internal/handlers/hangman_handler.go:184.2,184.38 1 0
spellingclash/internal/handlers/hangman_handler.go:184.38,187.3 2 0
spellingclash/internal/handlers/hangman_handler.go:189.2,191.22 3 0
spellingclash/internal/handlers/hangman_handler.go:191.22,194.3 2 0
spellingclash/internal/handlers/hangman_handler.go:197.2,198.52 2 0
spellingclash/internal/handlers/hangman_handler.go:198.52,202.3 3 0
spellingclash/internal/handlers/hangman_handler.go:204.2,207.41 2 0
spellingclash/internal/handlers/hangman_handler.go:207.41,208.18 1 0
spellingclash/internal/handlers/hangman_handler.go:208.18,212.4 2 0
spellingclash/internal/handlers/hangman_handler.go:216.2,222.19 4 0
spellingclash/internal/handlers/hangman_handler.go:222.19,224.3 1 0
spellingclash/internal/handlers/hangman_handler.go:227.2,230.46 2 0
spellingclash/internal/handlers/hangman_handler.go:230.46,237.3 6 0
spellingclash/internal/handlers/hangman_handler.go:237.8,237.56 1 0
spellingclash/internal/handlers/hangman_handler.go:237.56,242.3 4 0
spellingclash/internal/handlers/hangman_handler.go:245.2,250.34 3 0
spellingclash/internal/handlers/hangman_handler.go:254.75,256.16 2 0
spellingclash/internal/handlers/hangman_handler.go:256.16,259.3 2 0
spellingclash/internal/handlers/hangman_handler.go:262.2,263.16 2 0
spellingclash/internal/handlers/hangman_handler.go:263.16,266.3 2 0
spellingclash/internal/handlers/hangman_handler.go:268.2,272.63 4 0
spellingclash/internal/handlers/hangman_handler.go:276.75,278.16 2 0
spellingclash/internal/handlers/hangman_handler.go:278.16,281.3 2 0
spellingclash/internal/handlers/hangman_handler.go:284.2,287.60 2 0
spellingclash/internal/handlers/hangman_handler.go:291.78,293.16 2 0
spellingclash/internal/handlers/hangman_handler.go:293.16,296.3 2 0
spellingclash/internal/handlers/hangman_handler.go:299.2,300.16 2 0
spellingclash/internal/handlers/hangman_handler.go:300.16,304.3 3 0
spellingclash/internal/handlers/hangman_handler.go:307.2,315.85 3 0
spellingclash/internal/handlers/hangman_handler.go:315.85,318.3 2 0
spellingclash/internal/handlers/hangman_handler.go:323.85,326.33 3 0
spellingclash/internal/handlers/hangman_handler.go:326.33,327.18 1 0
spellingclash/internal/handlers/hangman_handler.go:327.18,329.12 2 0
spellingclash/internal/handlers/hangman_handler.go:331.3,332.41 2 0
spellingclash/internal/handlers/hangman_handler.go:332.41,333.30 1 0
spellingclash/internal/handlers/hangman_handler.go:333.30,335.10 2 0
spellingclash/internal/handlers/hangman_handler.go:338.3,338.12 1 0
spellingclash/internal/handlers/hangman_handler.go:338.12,340.4 1 0
spellingclash/internal/handlers/hangman_handler.go:340.9,342.4 1 0
spellingclash/internal/handlers/hangman_handler.go:344.2,344.34 1 0
spellingclash/internal/handlers/hangman_handler.go:347.64,351.17 4 0
spellingclash/internal/handlers/hangman_handler.go:351.17,353.3 1 0
spellingclash/internal/handlers/hangman_handler.go:354.2,354.15 1 0
spellingclash/internal/handlers/hangman_handler.go:357.114,363.88 2 0
spellingclash/internal/handlers/hangman_handler.go:363.88,366.3 2 0
spellingclash/internal/handlers/hangman_handler.go:371.99,375.2 2 0
spellingclash/internal/handlers/hangman_handler.go:377.104,381.2 2 0
spellingclash/internal/handlers/hangman_handler.go:383.123,389.16 5 0
spellingclash/internal/handlers/hangman_handler.go:389.16,392.3 2 0
spellingclash/internal/handlers/hangman_handler.go:393.2,395.12 3 0
spellingclash/internal/handlers/hangman_handler.go:398.87,403.2 3 0
spellingclash/internal/handlers/hangman_handler.go:405.124,411.16 3 0
spellingclash/internal/handlers/hangman_handler.go:411.16,413.3 1 0
spellingclash/internal/handlers/hangman_handler.go:416.2,417.16 2 0
spellingclash/internal/handlers/hangman_handler.go:417.16,419.3 1 0
spellingclash/internal/handlers/hangman_handler.go:422.2,422.23 1 0
spellingclash/internal/handlers/hangman_handler.go:422.23,427.3 3 0
spellingclash/internal/handlers/hangman_handler.go:429.2,429.12 1 0
spellingclash/internal/handlers/hangman_handler.go:432.64,436.2 3 0
spellingclash/internal/handlers/hangman_handler.go:438.93,454.16 6 0
spellingclash/internal/handlers/hangman_handler.go:454.16,456.3 1 0
spellingclash/internal/handlers/hangman_handler.go:458.2,480.19 6 0
spellingclash/internal/handlers/hangman_handler.go:483.95,491.16 6 0
spellingclash/internal/handlers/hangman_handler.go:491.16,493.3 1 0
spellingclash/internal/handlers/hangman_handler.go:495.2,498.55 3 0
spellingclash/internal/handlers/hangman_handler.go:501.87,507.9 3 0
spellingclash/internal/handlers/hangman_handler.go:507.9,511.3 1 0
spellingclash/internal/handlers/hangman_handler.go:511.8,515.3 1 0
spellingclash/internal/handlers/hangman_handler.go:516.2,517.12 2 0
spellingclash/internal/handlers/hangman_handler.go:520.68,525.2 3 0
spellingclash/internal/handlers/hangman_handler.go:527.89,539.16 4 0
spellingclash/internal/handlers/hangman_handler.go:539.16,541.3 1 0
spellingclash/internal/handlers/hangman_handler.go:543.2,543.22 1 0
spellingclash/internal/handlers/kid_handler.go:24.200,32.2 1 0
spellingclash/internal/handlers/kid_handler.go:35.76,37.81 1 0
spellingclash/internal/handlers/kid_handler.go:37.81,40.3 2 0
spellingclash/internal/handlers/kid_handler.go:43.2,50.80 3 0
spellingclash/internal/handlers/kid_handler.go:50.80,53.3 2 0
spellingclash/internal/handlers/kid_handler.go:57.71,58.23 1 0
spellingclash/internal/handlers/kid_handler.go:58.23,61.21 2 0
spellingclash/internal/handlers/kid_handler.go:61.21,64.4 2 0
spellingclash/internal/handlers/kid_handler.go:66.3,67.17 2 0
spellingclash/internal/handlers/kid_handler.go:67.17,70.4 2 0
spellingclash/internal/handlers/kid_handler.go:73.3,74.31 2 0
spellingclash/internal/handlers/kid_handler.go:74.31,77.4 2 0
spellingclash/internal/handlers/kid_handler.go:80.3,88.80 3 0
spellingclash/internal/handlers/kid_handler.go:88.80,91.4 2 0
spellingclash/internal/handlers/kid_handler.go:92.3,92.9 1 0
spellingclash/internal/handlers/kid_handler.go:96.2,96.38 1 0
spellingclash/internal/handlers/kid_handler.go:96.38,99.3 2 0
spellingclash/internal/handlers/kid_handler.go:101.2,106.16 4 0
spellingclash/internal/handlers/kid_handler.go:106.16,110.3 3 0
spellingclash/internal/handlers/kid_handler.go:111.2,111.16 1 0
spellingclash/internal/handlers/kid_handler.go:111.16,114.3 2 0
spellingclash/internal/handlers/kid_handler.go:117.2,117.20 1 0
spellingclash/internal/handlers/kid_handler.go:117.20,118.31 1 0
spellingclash/internal/handlers/kid_handler.go:118.31,122.4 2 0
spellingclash/internal/handlers/kid_handler.go:125.3,126.17 2 0
spellingclash/internal/handlers/kid_handler.go:126.17,130.4 3 0
spellingclash/internal/handlers/kid_handler.go:133.3,136.9 3 0
spellingclash/internal/handlers/kid_handler.go:140.2,140.87 1 0
spellingclash/internal/handlers/kid_handler.go:144.75,146.16 2 0
spellingclash/internal/handlers/kid_handler.go:146.16,149.3 2 0
spellingclash/internal/handlers/kid_handler.go:152.2,153.16 2 0
spellingclash/internal/handlers/kid_handler.go:153.16,156.3 2 0
spellingclash/internal/handlers/kid_handler.go:159.2,160.16 2 0
spellingclash/internal/handlers/kid_handler.go:160.16,163.3 2 0
spellingclash/internal/handlers/kid_handler.go:166.2,167.16 2 0
spellingclash/internal/handlers/kid_handler.go:167.16,170.3 2 0
spellingclash/internal/handlers/kid_handler.go:173.2,174.16 2 0
spellingclash/internal/handlers/kid_handler.go:174.16,177.3 2 0
spellingclash/internal/handlers/kid_handler.go:179.2,188.83 2 0
spellingclash/internal/handlers/kid_handler.go:188.83,191.3 2 0
spellingclash/internal/handlers/kid_handler.go:195.72,198.16 2 0
spellingclash/internal/handlers/kid_handler.go:198.16,200.65 1 0
spellingclash/internal/handlers/kid_handler.go:200.65,202.4 1 0
spellingclash/internal/handlers/kid_handler.go:206.2,208.57 2 0
spellingclash/internal/handlers/kid_handler.go:212.84,214.17 2 0
spellingclash/internal/handlers/kid_handler.go:214.17,217.3 2 0
spellingclash/internal/handlers/kid_handler.go:220.2,222.16 3 0
spellingclash/internal/handlers/kid_handler.go:222.16,225.3 2 0
spellingclash/internal/handlers/kid_handler.go:228.2,229.16 2 0
spellingclash/internal/handlers/kid_handler.go:229.16,233.3 3 0
spellingclash/internal/handlers/kid_handler.go:236.2,236.84 1 0
spellingclash/internal/handlers/kid_handler.go:236.84,239.3 2 0
spellingclash/internal/handlers/kid_handler.go:242.2,243.16 2 0
spellingclash/internal/handlers/kid_handler.go:243.16,247.3 3 0
spellingclash/internal/handlers/kid_handler.go:250.2,251.16 2 0
spellingclash/internal/handlers/kid_handler.go:251.16,255.3 3 0
spellingclash/internal/handlers/kid_handler.go:257.2,263.92 2 0
spellingclash/internal/handlers/kid_handler.go:263.92,266.3 2 0
spellingclash/internal/handlers/kid_handler.go:270.76,272.17 2 0
spellingclash/internal/handlers/kid_handler.go:272.17,275.3 2 0
spellingclash/internal/handlers/kid_handler.go:278.2,280.16 3 0
spellingclash/internal/handlers/kid_handler.go:280.16,283.3 2 0
spellingclash/internal/handlers/kid_handler.go:286.2,287.16 2 0
spellingclash/internal/handlers/kid_handler.go:287.16,291.3 3 0
spellingclash/internal/handlers/kid_handler.go:294.2,294.84 1 0
spellingclash/internal/handlers/kid_handler.go:294.84,297.3 2 0
spellingclash/internal/handlers/kid_handler.go:300.2,301.16 2 0
spellingclash/internal/handlers/kid_handler.go:301.16,304.3 2 0
spellingclash/internal/handlers/kid_handler.go:307.2,308.16 2 0
spellingclash/internal/handlers/kid_handler.go:308.16,311.3 2 0
spellingclash/internal/handlers/kid_handler.go:314.2,315.16 2 0
spellingclash/internal/handlers/kid_handler.go:315.16,318.3 2 0
spellingclash/internal/handlers/kid_handler.go:321.2,322.16 2 0
spellingclash/internal/handlers/kid_handler.go:322.16,325.3 2 0
spellingclash/internal/handlers/kid_handler.go:328.2,329.55 2 0
spellingclash/internal/handlers/kid_handler.go:329.55,331.3 1 0
spellingclash/internal/handlers/kid_handler.go:333.2,344.81 2 0
spellingclash/internal/handlers/kid_handler.go:344.81,347.3 2 0
spellingclash/internal/handlers/list_handler.go:37.160,45.2 1 0
spellingclash/internal/handlers/list_handler.go:48.73,50.17 2 0
spellingclash/internal/handlers/list_handler.go:50.17,53.3 2 0
spellingclash/internal/handlers/list_handler.go:56.2,57.16 2 0
spellingclash/internal/handlers/list_handler.go:57.16,61.3 3 0
spellingclash/internal/handlers/list_handler.go:64.2,65.16 2 0
spellingclash/internal/handlers/list_handler.go:65.16,69.3 3 0
spellingclash/internal/handlers/list_handler.go:72.2,82.75 3 0
spellingclash/internal/handlers/list_handler.go:82.75,85.3 2 0
spellingclash/internal/handlers/list_handler.go:89.74,91.17 2 0
spellingclash/internal/handlers/list_handler.go:91.17,94.3 2 0
spellingclash/internal/handlers/list_handler.go:96.2,96.38 1 0
spellingclash/internal/handlers/list_handler.go:96.38,99.3 2 0
spellingclash/internal/handlers/list_handler.go:101.2,106.38 4 0
spellingclash/internal/handlers/list_handler.go:106.38,110.3 3 0
spellingclash/internal/handlers/list_handler.go:111.2,114.16 3 0
spellingclash/internal/handlers/list_handler.go:114.16,118.3 3 0
spellingclash/internal/handlers/list_handler.go:121.2,121.91 1 0
spellingclash/internal/handlers/list_handler.go:125.72,127.17 2 0
spellingclash/internal/handlers/list_handler.go:127.17,130.3 2 0
spellingclash/internal/handlers/list_handler.go:132.2,134.16 3 0
spellingclash/internal/handlers/list_handler.go:134.16,137.3 2 0
spellingclash/internal/handlers/list_handler.go:140.2,141.16 2 0
spellingclash/internal/handlers/list_handler.go:141.16,145.3 3 0
spellingclash/internal/handlers/list_handler.go:148.2,149.16 2 0
spellingclash/internal/handlers/list_handler.go:149.16,153.3 3 0
spellingclash/internal/handlers/list_handler.go:156.2,157.16 2 0
spellingclash/internal/handlers/list_handler.go:157.16,161.3 3 0
spellingclash/internal/handlers/list_handler.go:164.2,165.28 2 0
spellingclash/internal/handlers/list_handler.go:165.28,168.17 2 0
spellingclash/internal/handlers/list_handler.go:168.17,172.4 3 0
spellingclash/internal/handlers/list_handler.go:173.8,176.17 2 0
spellingclash/internal/handlers/list_handler.go:176.17,180.4 3 0
spellingclash/internal/handlers/list_handler.go:183.3,183.35 1 0
spellingclash/internal/handlers/list_handler.go:183.35,185.18 2 0
spellingclash/internal/handlers/list_handler.go:185.18,187.13 2 0
spellingclash/internal/handlers/list_handler.go:189.4,189.44 1 0
spellingclash/internal/handlers/list_handler.go:194.2,206.81 3 0
spellingclash/internal/handlers/list_handler.go:206.81,209.3 2 0
spellingclash/internal/handlers/list_handler.go:213.74,215.17 2 0
spellingclash/internal/handlers/list_handler.go:215.17,218.3 2 0
spellingclash/internal/handlers/list_handler.go:220.2,222.16 3 0
spellingclash/internal/handlers/list_handler.go:222.16,225.3 2 0
spellingclash/internal/handlers/list_handler.go:227.2,227.38 1 0
spellingclash/internal/handlers/list_handler.go:227.38,230.3 2 0
spellingclash/internal/handlers/list_handler.go:232.2,235.85 3 0
spellingclash/internal/handlers/list_handler.go:235.85,239.3 3 0
spellingclash/internal/handlers/list_handler.go:241.2,241.70 1 0
spellingclash/internal/handlers/list_handler.go:245.74,247.17 2 0
spellingclash/internal/handlers/list_handler.go:247.17,250.3 2 0
spellingclash/internal/handlers/list_handler.go:252.2,254.16 3 0
spellingclash/internal/handlers/list_handler.go:254.16,257.3 2 0
spellingclash/internal/handlers/list_handler.go:259.2,259.66 1 0
spellingclash/internal/handlers/list_handler.go:259.66,263.3 3 0
spellingclash/internal/handlers/list_handler.go:265.2,265.59 1 0
spellingclash/internal/handlers/list_handler.go:269.71,271.17 2 0
spellingclash/internal/handlers/list_handler.go:271.17,274.3 2 0
spellingclash/internal/handlers/list_handler.go:276.2,278.16 3 0
spellingclash/internal/handlers/list_handler.go:278.16,281.3 2 0
spellingclash/internal/handlers/list_handler.go:283.2,283.38 1 0
spellingclash/internal/handlers/list_handler.go:283.38,286.3 2 0
spellingclash/internal/handlers/list_handler.go:288.2,293.16 5 0
spellingclash/internal/handlers/list_handler.go:293.16,295.3 1 0
spellingclash/internal/handlers/list_handler.go:297.2,298.16 2 0
spellingclash/internal/handlers/list_handler.go:298.16,301.43 2 0
spellingclash/internal/handlers/list_handler.go:301.43,307.4 4 0
spellingclash/internal/handlers/list_handler.go:309.3,311.9 3 0
spellingclash/internal/handlers/list_handler.go:315.2,315.42 1 0
spellingclash/internal/handlers/list_handler.go:315.42,322.3 5 0
spellingclash/internal/handlers/list_handler.go:324.2,324.70 1 0
spellingclash/internal/handlers/list_handler.go:328.76,330.17 2 0
spellingclash/internal/handlers/list_handler.go:330.17,333.3 2 0
spellingclash/internal/handlers/list_handler.go:335.2,337.16 3 0
spellingclash/internal/handlers/list_handler.go:337.16,340.3 2 0
spellingclash/internal/handlers/list_handler.go:342.2,342.38 1 0
spellingclash/internal/handlers/list_handler.go:342.38,345.3 2 0
spellingclash/internal/handlers/list_handler.go:347.2,351.16 4 0
spellingclash/internal/handlers/list_handler.go:351.16,353.3 1 0
spellingclash/internal/handlers/list_handler.go:356.2,371.12 6 0
spellingclash/internal/handlers/list_handler.go:371.12,372.16 1 0
spellingclash/internal/handlers/list_handler.go:372.16,376.4 3 0
spellingclash/internal/handlers/list_handler.go:378.3,378.58 1 0
spellingclash/internal/handlers/list_handler.go:378.58,384.4 5 0
spellingclash/internal/handlers/list_handler.go:386.3,386.122 1 0
spellingclash/internal/handlers/list_handler.go:386.122,391.4 4 0
spellingclash/internal/handlers/list_handler.go:395.2,396.73 2 0
spellingclash/internal/handlers/list_handler.go:401.74,403.17 2 0
spellingclash/internal/handlers/list_handler.go:403.17,406.3 2 0
spellingclash/internal/handlers/list_handler.go:408.2,412.16 4 0
spellingclash/internal/handlers/list_handler.go:412.16,415.3 2 0
spellingclash/internal/handlers/list_handler.go:417.2,417.38 1 0
spellingclash/internal/handlers/list_handler.go:417.38,420.3 2 0
spellingclash/internal/handlers/list_handler.go:422.2,427.16 5 0
spellingclash/internal/handlers/list_handler.go:427.16,429.3 1 0
spellingclash/internal/handlers/list_handler.go:431.2,431.100 1 0
spellingclash/internal/handlers/list_handler.go:431.100,435.3 3 0
spellingclash/internal/handlers/list_handler.go:437.2,437.70 1 0
spellingclash/internal/handlers/list_handler.go:440.74,442.17 2 0
spellingclash/internal/handlers/list_handler.go:442.17,445.3 2 0
spellingclash/internal/handlers/list_handler.go:447.2,451.16 4 0
spellingclash/internal/handlers/list_handler.go:451.16,454.3 2 0
spellingclash/internal/handlers/list_handler.go:456.2,456.66 1 0
spellingclash/internal/handlers/list_handler.go:456.66,460.3 3 0
spellingclash/internal/handlers/list_handler.go:462.2,462.70 1 0
spellingclash/internal/handlers/list_handler.go:466.74,468.17 2 0
spellingclash/internal/handlers/list_handler.go:468.17,471.3 2 0
spellingclash/internal/handlers/list_handler.go:473.2,477.16 4 0
spellingclash/internal/handlers/list_handler.go:477.16,480.3 2 0
spellingclash/internal/handlers/list_handler.go:482.2,483.16 2 0
spellingclash/internal/handlers/list_handler.go:483.16,486.3 2 0
spellingclash/internal/handlers/list_handler.go:488.2,488.78 1 0
spellingclash/internal/handlers/list_handler.go:488.78,492.3 3 0
spellingclash/internal/handlers/list_handler.go:494.2,494.70 1 0
spellingclash/internal/handlers/list_handler.go:498.76,500.17 2 0
spellingclash/internal/handlers/list_handler.go:500.17,503.3 2 0
spellingclash/internal/handlers/list_handler.go:505.2,509.16 4 0
spellingclash/internal/handlers/list_handler.go:509.16,512.3 2 0
spellingclash/internal/handlers/list_handler.go:514.2,515.16 2 0
spellingclash/internal/handlers/list_handler.go:515.16,518.3 2 0
spellingclash/internal/handlers/list_handler.go:520.2,520.82 1 0
spellingclash/internal/handlers/list_handler.go:520.82,524.3 3 0
spellingclash/internal/handlers/list_handler.go:526.2,526.70 1 0
spellingclash/internal/handlers/list_handler.go:530.79,532.17 2 0
spellingclash/internal/handlers/list_handler.go:532.17,535.3 2 0
spellingclash/internal/handlers/list_handler.go:537.2,537.38 1 0
spellingclash/internal/handlers/list_handler.go:537.38,540.3 2 0
spellingclash/internal/handlers/list_handler.go:542.2,546.16 4 0
spellingclash/internal/handlers/list_handler.go:546.16,549.3 2 0
spellingclash/internal/handlers/list_handler.go:551.2,552.16 2 0
spellingclash/internal/handlers/list_handler.go:552.16,555.3 2 0
spellingclash/internal/handlers/list_handler.go:557.2,557.78 1 0
spellingclash/internal/handlers/list_handler.go:557.78,561.3 3 0
spellingclash/internal/handlers/list_handler.go:563.2,563.58 1 0
spellingclash/internal/handlers/list_handler.go:567.85,569.17 2 0
spellingclash/internal/handlers/list_handler.go:569.17,572.3 2 0
spellingclash/internal/handlers/list_handler.go:574.2,576.16 3 0
spellingclash/internal/handlers/list_handler.go:576.16,579.3 2 0
spellingclash/internal/handlers/list_handler.go:581.2,587.13 5 0
spellingclash/internal/handlers/list_handler.go:587.13,590.3 2 0
spellingclash/internal/handlers/list_handler.go:592.2,605.24 5 0
spellingclash/internal/handlers/list_handler.go:605.24,609.3 3 0
spellingclash/internal/handlers/list_handler.go:613.60,615.16 2 0
spellingclash/internal/handlers/list_handler.go:615.16,617.3 1 0
spellingclash/internal/handlers/list_handler.go:618.2,619.14 2 0
spellingclash/internal/handlers/middleware.go:30.104,37.2 1 0
spellingclash/internal/handlers/middleware.go:40.74,41.54 1 0
spellingclash/internal/handlers/middleware.go:41.54,44.17 2 0
spellingclash/internal/handlers/middleware.go:44.17,47.4 2 0
spellingclash/internal/handlers/middleware.go:50.3,51.17 2 0
spellingclash/internal/handlers/middleware.go:51.17,56.4 3 0
spellingclash/internal/handlers/middleware.go:59.3,60.30 2 0
spellingclash/internal/handlers/middleware.go:65.77,66.54 1 0
spellingclash/internal/handlers/middleware.go:66.54,69.17 2 0
spellingclash/internal/handlers/middleware.go:69.17,72.4 2 0
spellingclash/internal/handlers/middleware.go:75.3,76.17 2 0
spellingclash/internal/handlers/middleware.go:76.17,81.4 3 0
spellingclash/internal/handlers/middleware.go:84.3,85.31 2 0
spellingclash/internal/handlers/middleware.go:85.31,90.4 3 0
spellingclash/internal/handlers/middleware.go:93.3,94.30 2 0
spellingclash/internal/handlers/middleware.go:99.75,100.54 1 0
spellingclash/internal/handlers/middleware.go:100.54,103.17 2 0
spellingclash/internal/handlers/middleware.go:103.17,106.4 2 0
spellingclash/internal/handlers/middleware.go:109.3,110.17 2 0
spellingclash/internal/handlers/middleware.go:110.17,115.4 3 0
spellingclash/internal/handlers/middleware.go:118.3,118.20 1 0
spellingclash/internal/handlers/middleware.go:118.20,121.4 2 0
spellingclash/internal/handlers/middleware.go:124.3,125.30 2 0
spellingclash/internal/handlers/middleware.go:130.46,131.71 1 0
spellingclash/internal/handlers/middleware.go:131.71,139.3 3 0
spellingclash/internal/handlers/middleware.go:143.59,145.9 2 0
spellingclash/internal/handlers/middleware.go:145.9,147.3 1 0
spellingclash/internal/handlers/middleware.go:148.2,148.13 1 0
spellingclash/internal/handlers/middleware.go:152.57,154.9 2 0
spellingclash/internal/handlers/middleware.go:154.9,156.3 1 0
spellingclash/internal/handlers/middleware.go:157.2,157.12 1 0
spellingclash/internal/handlers/middleware.go:161.72,162.54 1 0
spellingclash/internal/handlers/middleware.go:162.54,165.31 2 0
spellingclash/internal/handlers/middleware.go:165.31,169.4 3 0
spellingclash/internal/handlers/middleware.go:171.3,171.13 1 0
spellingclash/internal/handlers/middleware.go:176.74,177.54 1 0
spellingclash/internal/handlers/middleware.go:177.54,179.70 1 0
spellingclash/internal/handlers/middleware.go:179.70,182.18 2 0
spellingclash/internal/handlers/middleware.go:182.18,185.5 2 0
spellingclash/internal/handlers/middleware.go:188.4,189.19 2 0
spellingclash/internal/handlers/middleware.go:189.19,191.5 1 0
spellingclash/internal/handlers/middleware.go:193.4,193.19 1 0
spellingclash/internal/handlers/middleware.go:193.19,197.5 3 0
spellingclash/internal/handlers/middleware.go:200.4,200.55 1 0
spellingclash/internal/handlers/middleware.go:200.55,204.5 3 0
spellingclash/internal/handlers/middleware.go:207.3,207.13 1 0
spellingclash/internal/handlers/middleware.go:212.69,214.62 1 0
spellingclash/internal/handlers/middleware.go:214.62,216.3 1 0
spellingclash/internal/handlers/middleware.go:219.2,219.45 1 0
spellingclash/internal/handlers/missing_letter_handler.go:26.133,32.2 1 0
spellingclash/internal/handlers/missing_letter_handler.go:35.91,37.16 2 0
spellingclash/internal/handlers/missing_letter_handler.go:37.16,40.3 2 0
spellingclash/internal/handlers/missing_letter_handler.go:42.2,44.16 3 0
spellingclash/internal/handlers/missing_letter_handler.go:44.16,47.3 2 0
spellingclash/internal/handlers/missing_letter_handler.go:50.2,51.16 2 0
spellingclash/internal/handlers/missing_letter_handler.go:51.16,55.3 3 0
spellingclash/internal/handlers/missing_letter_handler.go:57.2,57.21 1 0
spellingclash/internal/handlers/missing_letter_handler.go:57.21,60.3 2 0
spellingclash/internal/handlers/missing_letter_handler.go:63.2,63.42 1 0
spellingclash/internal/handlers/missing_letter_handler.go:63.42,65.3 1 0
spellingclash/internal/handlers/missing_letter_handler.go:68.2,69.27 2 0
spellingclash/internal/handlers/missing_letter_handler.go:69.27,71.3 1 0
spellingclash/internal/handlers/missing_letter_handler.go:74.2,75.16 2 0
spellingclash/internal/handlers/missing_letter_handler.go:75.16,79.3 3 0
spellingclash/internal/handlers/missing_letter_handler.go:82.2,84.16 3 0
spellingclash/internal/handlers/missing_letter_handler.go:84.16,88.3 3 0
spellingclash/internal/handlers/missing_letter_handler.go:91.2,91.70 1 0
spellingclash/internal/handlers/missing_letter_handler.go:95.90,97.16 2 0
spellingclash/internal/handlers/missing_letter_handler.go:97.16,100.3 2 0
spellingclash/internal/handlers/missing_letter_handler.go:103.2,104.63 2 0
spellingclash/internal/handlers/missing_letter_handler.go:104.63,108.3 3 0
spellingclash/internal/handlers/missing_letter_handler.go:111.2,111.38 1 0
spellingclash/internal/handlers/missing_letter_handler.go:111.38,113.63 1 0
spellingclash/internal/handlers/missing_letter_handler.go:113.63,118.4 3 0
spellingclash/internal/handlers/missing_letter_handler.go:121.3,122.36 2 0
spellingclash/internal/handlers/missing_letter_handler.go:122.36,125.4 2 0
spellingclash/internal/handlers/missing_letter_handler.go:127.3,127.31 1 0
spellingclash/internal/handlers/missing_letter_handler.go:127.31,131.4 3 0
spellingclash/internal/handlers/missing_letter_handler.go:133.3,140.17 4 0
spellingclash/internal/handlers/missing_letter_handler.go:140.17,144.4 3 0
spellingclash/internal/handlers/missing_letter_handler.go:146.3,162.4 1 0
spellingclash/internal/handlers/missing_letter_handler.go:165.2,171.84 2 0
spellingclash/internal/handlers/missing_letter_handler.go:171.84,174.3 2 0
spellingclash/internal/handlers/missing_letter_handler.go:178.84,180.16 2 0
spellingclash/internal/handlers/missing_letter_handler.go:180.16,183.3 2 0
spellingclash/internal/handlers/missing_letter_handler.go:185.2,185.38 1 0
spellingclash/internal/handlers/missing_letter_handler.go:185.38,188.3 2 0
spellingclash/internal/handlers/missing_letter_handler.go:190.2,191.31 2 0
spellingclash/internal/handlers/missing_letter_handler.go:191.31,194.17 2 0
spellingclash/internal/handlers/missing_letter_handler.go:194.17,197.4 2 0
spellingclash/internal/handlers/missing_letter_handler.go:198.3,199.9 2 0
spellingclash/internal/handlers/missing_letter_handler.go:203.2,204.16 2 0
spellingclash/internal/handlers/missing_letter_handler.go:204.16,207.3 2 0
spellingclash/internal/handlers/missing_letter_handler.go:210.2,224.13 9 0
spellingclash/internal/handlers/missing_letter_handler.go:224.13,234.3 8 0
spellingclash/internal/handlers/missing_letter_handler.go:234.8,239.42 4 0
spellingclash/internal/handlers/missing_letter_handler.go:239.42,245.4 4 0
spellingclash/internal/handlers/missing_letter_handler.go:249.2,249.17 1 0
spellingclash/internal/handlers/missing_letter_handler.go:249.17,251.3 1 0
spellingclash/internal/handlers/missing_letter_handler.go:251.8,253.3 1 0
spellingclash/internal/handlers/missing_letter_handler.go:256.2,259.34 2 0
spellingclash/internal/handlers/missing_letter_handler.go:263.81,265.16 2 0
spellingclash/internal/handlers/missing_letter_handler.go:265.16,268.3 2 0
spellingclash/internal/handlers/missing_letter_handler.go:271.2,272.16 2 0
spellingclash/internal/handlers/missing_letter_handler.go:272.16,275.3 2 0
spellingclash/internal/handlers/missing_letter_handler.go:277.2,281.70 4 0
spellingclash/internal/handlers/missing_letter_handler.go:285.81,287.16 2 0
spellingclash/internal/handlers/missing_letter_handler.go:287.16,290.3 2 0
spellingclash/internal/handlers/missing_letter_handler.go:293.2,296.60 2 0
spellingclash/internal/handlers/missing_letter_handler.go:300.84,302.16 2 0
spellingclash/internal/handlers/missing_letter_handler.go:302.16,305.3 2 0
spellingclash/internal/handlers/missing_letter_handler.go:308.2,309.16 2 0
spellingclash/internal/handlers/missing_letter_handler.go:309.16,313.3 3 0
spellingclash/internal/handlers/missing_letter_handler.go:316.2,324.92 3 0
spellingclash/internal/handlers/missing_letter_handler.go:324.92,327.3 2 0
spellingclash/internal/handlers/missing_letter_handler.go:333.85,339.20 3 0
spellingclash/internal/handlers/missing_letter_handler.go:340.9,341.19 1 0
spellingclash/internal/handlers/missing_letter_handler.go:341.19,343.4 1 0
spellingclash/internal/handlers/missing_letter_handler.go:343.9,343.26 1 0
spellingclash/internal/handlers/missing_letter_handler.go:343.26,345.4 1 0
spellingclash/internal/handlers/missing_letter_handler.go:345.9,347.4 1 0
spellingclash/internal/handlers/missing_letter_handler.go:348.9,349.19 1 0
spellingclash/internal/handlers/missing_letter_handler.go:349.19,351.4 1 0
spellingclash/internal/handlers/missing_letter_handler.go:351.9,351.26 1 0
spellingclash/internal/handlers/missing_letter_handler.go:351.26,353.4 1 0
spellingclash/internal/handlers/missing_letter_handler.go:353.9,355.4 1 0
spellingclash/internal/handlers/missing_letter_handler.go:356.9,357.19 1 0
spellingclash/internal/handlers/missing_letter_handler.go:357.19,359.4 1 0
spellingclash/internal/handlers/missing_letter_handler.go:359.9,359.26 1 0
spellingclash/internal/handlers/missing_letter_handler.go:359.26,361.4 1 0
spellingclash/internal/handlers/missing_letter_handler.go:361.9,361.26 1 0
spellingclash/internal/handlers/missing_letter_handler.go:361.26,363.4 1 0
spellingclash/internal/handlers/missing_letter_handler.go:363.9,365.4 1 0
spellingclash/internal/handlers/missing_letter_handler.go:366.9,367.19 1 0
spellingclash/internal/handlers/missing_letter_handler.go:367.19,369.4 1 0
spellingclash/internal/handlers/missing_letter_handler.go:369.9,369.26 1 0
spellingclash/internal/handlers/missing_letter_handler.go:369.26,371.4 1 0
spellingclash/internal/handlers/missing_letter_handler.go:371.9,371.26 1 0
spellingclash/internal/handlers/missing_letter_handler.go:371.26,373.4 1 0
spellingclash/internal/handlers/missing_letter_handler.go:373.9,375.4 1 0
spellingclash/internal/handlers/missing_letter_handler.go:376.9,377.19 1 0
spellingclash/internal/handlers/missing_letter_handler.go:377.19,379.4 1 0
spellingclash/internal/handlers/missing_letter_handler.go:379.9,379.26 1 0
spellingclash/internal/handlers/missing_letter_handler.go:379.26,381.4 1 0
spellingclash/internal/handlers/missing_letter_handler.go:381.9,381.26 1 0
spellingclash/internal/handlers/missing_letter_handler.go:381.26,383.4 1 0
spellingclash/internal/handlers/missing_letter_handler.go:383.9,385.4 1 0
spellingclash/internal/handlers/missing_letter_handler.go:386.10,387.17 1 0
spellingclash/internal/handlers/missing_letter_handler.go:391.2,392.20 2 0
spellingclash/internal/handlers/missing_letter_handler.go:392.20,394.3 1 0
spellingclash/internal/handlers/missing_letter_handler.go:395.2,395.29 1 0
spellingclash/internal/handlers/missing_letter_handler.go:395.29,397.3 1 0
spellingclash/internal/handlers/missing_letter_handler.go:400.2,409.36 5 0
spellingclash/internal/handlers/missing_letter_handler.go:409.36,412.3 2 0
spellingclash/internal/handlers/missing_letter_handler.go:412.8,412.43 1 0
spellingclash/internal/handlers/missing_letter_handler.go:412.43,414.3 1 0
spellingclash/internal/handlers/missing_letter_handler.go:416.2,416.37 1 0
spellingclash/internal/handlers/missing_letter_handler.go:416.37,417.21 1 0
spellingclash/internal/handlers/missing_letter_handler.go:417.21,419.4 1 0
spellingclash/internal/handlers/missing_letter_handler.go:423.2,423.53 1 0
spellingclash/internal/handlers/missing_letter_handler.go:423.53,425.3 1 0
spellingclash/internal/handlers/missing_letter_handler.go:427.2,427.63 1 0
spellingclash/internal/handlers/missing_letter_handler.go:427.63,429.3 1 0
spellingclash/internal/handlers/missing_letter_handler.go:431.2,431.16 1 0
spellingclash/internal/handlers/missing_letter_handler.go:435.114,441.29 4 0
spellingclash/internal/handlers/missing_letter_handler.go:441.29,443.38 2 0
spellingclash/internal/handlers/missing_letter_handler.go:443.38,444.28 1 0
spellingclash/internal/handlers/missing_letter_handler.go:444.28,446.5 1 0
spellingclash/internal/handlers/missing_letter_handler.go:448.3,448.40 1 0
spellingclash/internal/handlers/missing_letter_handler.go:448.40,449.31 1 0
spellingclash/internal/handlers/missing_letter_handler.go:449.31,451.10 2 0
spellingclash/internal/handlers/missing_letter_handler.go:457.2,457.28 1 0
spellingclash/internal/handlers/missing_letter_handler.go:457.28,459.38 2 0
spellingclash/internal/handlers/missing_letter_handler.go:459.38,460.16 1 0
spellingclash/internal/handlers/missing_letter_handler.go:460.16,462.10 2 0
spellingclash/internal/handlers/missing_letter_handler.go:466.3,466.33 1 0
spellingclash/internal/handlers/missing_letter_handler.go:466.33,468.4 1 0
spellingclash/internal/handlers/missing_letter_handler.go:468.9,470.4 1 0
spellingclash/internal/handlers/missing_letter_handler.go:473.2,473.15 1 0
spellingclash/internal/handlers/missing_letter_handler.go:476.78,480.17 4 0
spellingclash/internal/handlers/missing_letter_handler.go:480.17,482.3 1 0
spellingclash/internal/handlers/missing_letter_handler.go:483.2,483.15 1 0
spellingclash/internal/handlers/missing_letter_handler.go:487.107,500.36 8 0
spellingclash/internal/handlers/missing_letter_handler.go:500.36,501.47 1 0
spellingclash/internal/handlers/missing_letter_handler.go:501.47,504.4 2 0
spellingclash/internal/handlers/missing_letter_handler.go:507.2,509.18 3 0
spellingclash/internal/handlers/missing_letter_handler.go:515.62,518.19 1 0
spellingclash/internal/handlers/missing_letter_handler.go:518.19,520.3 1 0
spellingclash/internal/handlers/missing_letter_handler.go:522.2,522.28 1 0
spellingclash/internal/handlers/missing_letter_handler.go:522.28,523.70 1 0
spellingclash/internal/handlers/missing_letter_handler.go:523.70,525.4 1 0
spellingclash/internal/handlers/missing_letter_handler.go:530.2,530.13 1 0
spellingclash/internal/handlers/missing_letter_handler.go:533.126,539.95 2 0
spellingclash/internal/handlers/missing_letter_handler.go:539.95,542.3 2 0
spellingclash/internal/handlers/missing_letter_handler.go:547.111,551.2 2 0
spellingclash/internal/handlers/missing_letter_handler.go:553.138,558.2 3 0
spellingclash/internal/handlers/missing_letter_handler.go:560.125,566.2 4 0
spellingclash/internal/handlers/missing_letter_handler.go:568.93,573.2 3 0
spellingclash/internal/handlers/missing_letter_handler.go:575.136,581.16 3 0
spellingclash/internal/handlers/missing_letter_handler.go:581.16,583.3 1 0
spellingclash/internal/handlers/missing_letter_handler.go:586.2,587.16 2 0
spellingclash/internal/handlers/missing_letter_handler.go:587.16,589.3 1 0
spellingclash/internal/handlers/missing_letter_handler.go:592.2,592.23 1 0
spellingclash/internal/handlers/missing_letter_handler.go:592.23,597.3 3 0
spellingclash/internal/handlers/missing_letter_handler.go:599.2,599.12 1 0
spellingclash/internal/handlers/missing_letter_handler.go:602.76,606.2 3 0
spellingclash/internal/handlers/missing_letter_handler.go:608.105,623.16 6 0
spellingclash/internal/handlers/missing_letter_handler.go:623.16,625.3 1 0
spellingclash/internal/handlers/missing_letter_handler.go:627.2,637.29 8 0
spellingclash/internal/handlers/missing_letter_handler.go:637.29,640.38 3 0
spellingclash/internal/handlers/missing_letter_handler.go:640.38,641.28 1 0
spellingclash/internal/handlers/missing_letter_handler.go:641.28,643.5 1 0
spellingclash/internal/handlers/missing_letter_handler.go:645.3,647.30 3 0
spellingclash/internal/handlers/missing_letter_handler.go:650.2,668.19 2 0
spellingclash/internal/handlers/missing_letter_handler.go:671.101,679.16 6 0
spellingclash/internal/handlers/missing_letter_handler.go:679.16,681.3 1 0
spellingclash/internal/handlers/missing_letter_handler.go:683.2,686.55 3 0
spellingclash/internal/handlers/missing_letter_handler.go:689.93,695.9 3 0
spellingclash/internal/handlers/missing_letter_handler.go:695.9,699.3 1 0
spellingclash/internal/handlers/missing_letter_handler.go:699.8,703.3 1 0
spellingclash/internal/handlers/missing_letter_handler.go:704.2,705.12 2 0
spellingclash/internal/handlers/missing_letter_handler.go:708.67,713.2 3 0
spellingclash/internal/handlers/missing_letter_handler.go:715.101,727.16 4 0
spellingclash/internal/handlers/missing_letter_handler.go:727.16,729.3 1 0
spellingclash/internal/handlers/missing_letter_handler.go:731.2,731.22 1 0
spellingclash/internal/handlers/parent_handler.go:21.164,28.2 1 0
spellingclash/internal/handlers/parent_handler.go:31.75,33.17 2 0
spellingclash/internal/handlers/parent_handler.go:33.17,36.3 2 0
spellingclash/internal/handlers/parent_handler.go:39.2,40.16 2 0
spellingclash/internal/handlers/parent_handler.go:40.16,44.3 3 0
spellingclash/internal/handlers/parent_handler.go:47.2,48.16 2 0
spellingclash/internal/handlers/parent_handler.go:48.16,52.3 3 0
spellingclash/internal/handlers/parent_handler.go:55.2,57.23 3 0
spellingclash/internal/handlers/parent_handler.go:57.23,59.17 2 0
spellingclash/internal/handlers/parent_handler.go:59.17,62.4 1 0
spellingclash/internal/handlers/parent_handler.go:66.2,78.79 3 0
spellingclash/internal/handlers/parent_handler.go:78.79,81.3 2 0
spellingclash/internal/handlers/parent_handler.go:85.76,87.17 2 0
spellingclash/internal/handlers/parent_handler.go:87.17,90.3 2 0
spellingclash/internal/handlers/parent_handler.go:92.2,93.16 2 0
spellingclash/internal/handlers/parent_handler.go:93.16,97.3 3 0
spellingclash/internal/handlers/parent_handler.go:100.2,109.76 3 0
spellingclash/internal/handlers/parent_handler.go:109.76,112.3 2 0
spellingclash/internal/handlers/parent_handler.go:116.78,118.17 2 0
spellingclash/internal/handlers/parent_handler.go:118.17,121.3 2 0
spellingclash/internal/handlers/parent_handler.go:123.2,123.38 1 0
spellingclash/internal/handlers/parent_handler.go:123.38,126.3 2 0
spellingclash/internal/handlers/parent_handler.go:128.2,129.16 2 0
spellingclash/internal/handlers/parent_handler.go:129.16,133.3 3 0
spellingclash/internal/handlers/parent_handler.go:135.2,135.60 1 0
spellingclash/internal/handlers/parent_handler.go:139.74,141.17 2 0
spellingclash/internal/handlers/parent_handler.go:141.17,144.3 2 0
spellingclash/internal/handlers/parent_handler.go:146.2,147.16 2 0
spellingclash/internal/handlers/parent_handler.go:147.16,151.3 3 0
spellingclash/internal/handlers/parent_handler.go:153.2,154.16 2 0
spellingclash/internal/handlers/parent_handler.go:154.16,158.3 3 0
spellingclash/internal/handlers/parent_handler.go:161.2,162.30 2 0
spellingclash/internal/handlers/parent_handler.go:162.30,164.17 2 0
spellingclash/internal/handlers/parent_handler.go:164.17,167.4 2 0
spellingclash/internal/handlers/parent_handler.go:168.3,171.5 1 0
spellingclash/internal/handlers/parent_handler.go:175.2,176.16 2 0
spellingclash/internal/handlers/parent_handler.go:176.16,179.3 2 0
spellingclash/internal/handlers/parent_handler.go:182.2,193.74 3 0
spellingclash/internal/handlers/parent_handler.go:193.74,196.3 2 0
spellingclash/internal/handlers/parent_handler.go:200.75,202.17 2 0
spellingclash/internal/handlers/parent_handler.go:202.17,205.3 2 0
spellingclash/internal/handlers/parent_handler.go:207.2,207.38 1 0
spellingclash/internal/handlers/parent_handler.go:207.38,210.3 2 0
spellingclash/internal/handlers/parent_handler.go:212.2,217.38 4 0
spellingclash/internal/handlers/parent_handler.go:217.38,221.3 3 0
spellingclash/internal/handlers/parent_handler.go:222.2,224.23 2 0
spellingclash/internal/handlers/parent_handler.go:224.23,226.3 1 0
spellingclash/internal/handlers/parent_handler.go:228.2,229.16 2 0
spellingclash/internal/handlers/parent_handler.go:229.16,233.3 3 0
spellingclash/internal/handlers/parent_handler.go:236.2,236.42 1 0
spellingclash/internal/handlers/parent_handler.go:236.42,255.3 4 0
spellingclash/internal/handlers/parent_handler.go:257.2,257.58 1 0
spellingclash/internal/handlers/parent_handler.go:261.75,263.17 2 0
spellingclash/internal/handlers/parent_handler.go:263.17,266.3 2 0
spellingclash/internal/handlers/parent_handler.go:268.2,270.16 3 0
spellingclash/internal/handlers/parent_handler.go:270.16,273.3 2 0
spellingclash/internal/handlers/parent_handler.go:275.2,275.38 1 0
spellingclash/internal/handlers/parent_handler.go:275.38,278.3 2 0
spellingclash/internal/handlers/parent_handler.go:280.2,283.85 3 0
spellingclash/internal/handlers/parent_handler.go:283.85,287.3 3 0
spellingclash/internal/handlers/parent_handler.go:289.2,289.58 1 0
spellingclash/internal/handlers/parent_handler.go:293.87,295.17 2 0
spellingclash/internal/handlers/parent_handler.go:295.17,298.3 2 0
spellingclash/internal/handlers/parent_handler.go:300.2,302.16 3 0
spellingclash/internal/handlers/parent_handler.go:302.16,305.3 2 0
spellingclash/internal/handlers/parent_handler.go:307.2,308.16 2 0
spellingclash/internal/handlers/parent_handler.go:308.16,312.3 3 0
[...]
spellingclash/internal/service/list_service.go:938.2,938.22 1 0
spellingclash/internal/service/list_service.go:938.22,941.17 3 0
spellingclash/internal/service/list_service.go:941.17,943.4 1 0
spellingclash/internal/service/list_service.go:944.3,944.95 1 0
spellingclash/internal/service/list_service.go:944.95,946.4 1 0
spellingclash/internal/service/list_service.go:947.8,949.74 1 0
spellingclash/internal/service/list_service.go:949.74,951.4 1 0
spellingclash/internal/service/list_service.go:954.2,954.12 1 0
spellingclash/internal/service/list_service.go:958.62,961.16 2 0
spellingclash/internal/service/list_service.go:961.16,963.3 1 0
spellingclash/internal/service/list_service.go:964.2,964.17 1 0
spellingclash/internal/service/list_service.go:964.17,966.3 1 0
spellingclash/internal/service/list_service.go:969.2,970.16 2 0
spellingclash/internal/service/list_service.go:970.16,972.3 1 0
spellingclash/internal/service/list_service.go:975.2,975.19 1 0
spellingclash/internal/service/list_service.go:975.19,977.3 1 0
spellingclash/internal/service/list_service.go:980.2,980.28 1 0
spellingclash/internal/service/list_service.go:980.28,982.3 1 0
spellingclash/internal/service/list_service.go:983.2,984.16 2 0
spellingclash/internal/service/list_service.go:984.16,986.3 1 0
spellingclash/internal/service/list_service.go:987.2,987.15 1 0
spellingclash/internal/service/list_service.go:987.15,989.3 1 0
spellingclash/internal/service/list_service.go:992.2,996.54 3 0
spellingclash/internal/service/list_service.go:996.54,998.3 1 0
spellingclash/internal/service/list_service.go:1001.2,1001.25 1 0
spellingclash/internal/service/list_service.go:1001.25,1003.30 1 0
spellingclash/internal/service/list_service.go:1003.30,1005.18 2 0
spellingclash/internal/service/list_service.go:1005.18,1007.5 1 0
spellingclash/internal/service/list_service.go:1007.10,1007.22 1 0
spellingclash/internal/service/list_service.go:1007.22,1008.75 1 0
spellingclash/internal/service/list_service.go:1008.75,1010.6 1 0
spellingclash/internal/service/list_service.go:1010.11,1012.6 1 0
spellingclash/internal/service/list_service.go:1017.3,1017.36 1 0
spellingclash/internal/service/list_service.go:1017.36,1019.18 2 0
spellingclash/internal/service/list_service.go:1019.18,1021.5 1 0
spellingclash/internal/service/list_service.go:1021.10,1021.22 1 0
spellingclash/internal/service/list_service.go:1021.22,1022.81 1 0
spellingclash/internal/service/list_service.go:1022.81,1024.6 1 0
spellingclash/internal/service/list_service.go:1024.11,1026.6 1 0
spellingclash/internal/service/list_service.go:1031.2,1031.12 1 0
spellingclash/internal/service/list_service.go:1035.74,1038.16 2 0
spellingclash/internal/service/list_service.go:1038.16,1040.3 1 0
spellingclash/internal/service/list_service.go:1043.2,1044.16 2 0
spellingclash/internal/service/list_service.go:1044.16,1046.3 1 0
spellingclash/internal/service/list_service.go:1047.2,1047.16 1 0
spellingclash/internal/service/list_service.go:1047.16,1049.3 1 0
spellingclash/internal/service/list_service.go:1052.2,1052.74 1 0
spellingclash/internal/service/list_service.go:1052.74,1054.3 1 0
spellingclash/internal/service/list_service.go:1056.2,1056.12 1 0
spellingclash/internal/service/list_service.go:1060.78,1063.16 2 0
spellingclash/internal/service/list_service.go:1063.16,1065.3 1 0
spellingclash/internal/service/list_service.go:1068.2,1069.16 2 0
spellingclash/internal/service/list_service.go:1069.16,1071.3 1 0
spellingclash/internal/service/list_service.go:1072.2,1072.16 1 0
spellingclash/internal/service/list_service.go:1072.16,1074.3 1 0
spellingclash/internal/service/list_service.go:1077.2,1077.70 1 0
spellingclash/internal/service/list_service.go:1077.70,1079.3 1 0
spellingclash/internal/service/list_service.go:1081.2,1081.12 1 0
spellingclash/internal/service/list_service.go:1085.87,1087.16 2 0
spellingclash/internal/service/list_service.go:1087.16,1089.3 1 0
spellingclash/internal/service/list_service.go:1090.2,1090.19 1 0
spellingclash/internal/service/list_service.go:1094.87,1097.16 2 0
spellingclash/internal/service/list_service.go:1097.16,1099.3 1 0
spellingclash/internal/service/list_service.go:1102.2,1103.16 2 0
spellingclash/internal/service/list_service.go:1103.16,1105.3 1 0
spellingclash/internal/service/list_service.go:1106.2,1106.16 1 0
spellingclash/internal/service/list_service.go:1106.16,1108.3 1 0
spellingclash/internal/service/list_service.go:1110.2,1111.16 2 0
spellingclash/internal/service/list_service.go:1111.16,1113.3 1 0
spellingclash/internal/service/list_service.go:1115.2,1115.18 1 0
spellingclash/internal/service/list_service.go:1119.52,1120.25 1 0
spellingclash/internal/service/list_service.go:1120.25,1122.3 1 0
spellingclash/internal/service/list_service.go:1124.2,1128.16 3 0
spellingclash/internal/service/list_service.go:1128.16,1130.3 1 0
spellingclash/internal/service/list_service.go:1132.2,1135.29 3 0
spellingclash/internal/service/list_service.go:1135.29,1137.31 1 0
spellingclash/internal/service/list_service.go:1137.31,1139.18 2 0
spellingclash/internal/service/list_service.go:1139.18,1141.5 1 0
spellingclash/internal/service/list_service.go:1141.10,1142.78 1 0
spellingclash/internal/service/list_service.go:1142.78,1144.6 1 0
spellingclash/internal/service/list_service.go:1144.11,1147.6 2 0
spellingclash/internal/service/list_service.go:1152.3,1152.66 1 0
spellingclash/internal/service/list_service.go:1152.66,1155.18 3 0
spellingclash/internal/service/list_service.go:1155.18,1157.5 1 0
spellingclash/internal/service/list_service.go:1157.10,1158.98 1 0
spellingclash/internal/service/list_service.go:1158.98,1160.6 1 0
spellingclash/internal/service/list_service.go:1160.11,1163.6 2 0
spellingclash/internal/service/list_service.go:1168.2,1168.60 1 0
spellingclash/internal/service/list_service.go:1168.60,1170.3 1 0
spellingclash/internal/service/list_service.go:1170.8,1172.3 1 0
spellingclash/internal/service/list_service.go:1174.2,1174.12 1 0
spellingclash/internal/service/list_service.go:1178.57,1179.25 1 0
spellingclash/internal/service/list_service.go:1179.25,1181.3 1 0
spellingclash/internal/service/list_service.go:1183.2,1187.16 3 0
spellingclash/internal/service/list_service.go:1187.16,1189.3 1 0
spellingclash/internal/service/list_service.go:1192.2,1193.16 2 0
spellingclash/internal/service/list_service.go:1193.16,1195.3 1 0
spellingclash/internal/service/list_service.go:1198.2,1199.43 2 0
spellingclash/internal/service/list_service.go:1199.43,1201.3 1 0
spellingclash/internal/service/list_service.go:1204.2,1205.39 2 0
spellingclash/internal/service/list_service.go:1205.39,1206.28 1 0
spellingclash/internal/service/list_service.go:1206.28,1207.65 1 0
spellingclash/internal/service/list_service.go:1207.65,1209.5 1 0
spellingclash/internal/service/list_service.go:1209.10,1212.5 2 0
spellingclash/internal/service/list_service.go:1216.2,1216.22 1 0
spellingclash/internal/service/list_service.go:1216.22,1218.3 1 0
spellingclash/internal/service/list_service.go:1218.8,1220.3 1 0
spellingclash/internal/service/list_service.go:1222.2,1222.12 1 0
spellingclash/internal/service/practice_service.go:15.50,17.29 2 3
spellingclash/internal/service/practice_service.go:17.29,19.3 1 4
spellingclash/internal/service/practice_service.go:20.2,20.31 1 3
spellingclash/internal/service/practice_service.go:24.76,25.20 1 4
spellingclash/internal/service/practice_service.go:25.20,27.3 1 1
spellingclash/internal/service/practice_service.go:29.2,31.31 3 3
spellingclash/internal/service/practice_service.go:31.31,33.17 2 8
spellingclash/internal/service/practice_service.go:33.17,35.4 1 8
spellingclash/internal/service/practice_service.go:39.2,40.29 2 3
spellingclash/internal/service/practice_service.go:40.29,42.3 1 9
spellingclash/internal/service/practice_service.go:45.2,46.29 2 3
spellingclash/internal/service/practice_service.go:46.29,47.42 1 8
spellingclash/internal/service/practice_service.go:47.42,49.4 1 7
spellingclash/internal/service/practice_service.go:52.2,52.18 1 3
spellingclash/internal/service/practice_service.go:62.124,67.2 1 0
spellingclash/internal/service/practice_service.go:70.117,73.16 2 0
spellingclash/internal/service/practice_service.go:73.16,75.3 1 0
spellingclash/internal/service/practice_service.go:77.2,77.24 1 0
spellingclash/internal/service/practice_service.go:77.24,79.3 1 0
spellingclash/internal/service/practice_service.go:81.2,84.24 2 0
spellingclash/internal/service/practice_service.go:84.24,86.17 2 0
spellingclash/internal/service/practice_service.go:86.17,88.4 1 0
spellingclash/internal/service/practice_service.go:89.8,91.3 1 0
spellingclash/internal/service/practice_service.go:94.2,94.50 1 0
spellingclash/internal/service/practice_service.go:94.50,96.3 1 0
spellingclash/internal/service/practice_service.go:99.2,100.16 2 0
spellingclash/internal/service/practice_service.go:100.16,102.3 1 0
spellingclash/internal/service/practice_service.go:104.2,104.36 1 0
spellingclash/internal/service/practice_service.go:109.115,110.25 1 0
spellingclash/internal/service/practice_service.go:110.25,112.3 1 0
spellingclash/internal/service/practice_service.go:115.2,116.29 2 0
spellingclash/internal/service/practice_service.go:116.29,118.3 1 0
spellingclash/internal/service/practice_service.go:121.2,122.16 2 0
spellingclash/internal/service/practice_service.go:122.16,124.3 1 0
spellingclash/internal/service/practice_service.go:129.2,135.29 3 0
spellingclash/internal/service/practice_service.go:135.29,139.41 3 0
spellingclash/internal/service/practice_service.go:139.41,142.4 1 0
spellingclash/internal/service/practice_service.go:142.9,147.4 1 0
spellingclash/internal/service/practice_service.go:149.3,152.4 1 0
spellingclash/internal/service/practice_service.go:156.2,160.51 4 0
spellingclash/internal/service/practice_service.go:160.51,163.32 2 0
spellingclash/internal/service/practice_service.go:163.32,165.4 1 0
spellingclash/internal/service/practice_service.go:168.3,173.34 4 0
spellingclash/internal/service/practice_service.go:173.34,175.22 2 0
spellingclash/internal/service/practice_service.go:175.22,177.10 2 0
spellingclash/internal/service/practice_service.go:182.3,185.76 2 0
spellingclash/internal/service/practice_service.go:188.2,188.22 1 0
spellingclash/internal/service/practice_service.go:192.151,205.15 6 0
spellingclash/internal/service/practice_service.go:205.15,207.3 1 0
spellingclash/internal/service/practice_service.go:210.2,211.16 2 0
spellingclash/internal/service/practice_service.go:211.16,213.3 1 0
spellingclash/internal/service/practice_service.go:215.2,215.31 1 0
spellingclash/internal/service/practice_service.go:222.76,229.20 3 0
spellingclash/internal/service/practice_service.go:229.20,231.3 1 0
spellingclash/internal/service/practice_service.go:232.2,232.21 1 0
spellingclash/internal/service/practice_service.go:232.21,234.3 1 0
spellingclash/internal/service/practice_service.go:236.2,236.32 1 0
spellingclash/internal/service/practice_service.go:240.93,243.16 2 0
spellingclash/internal/service/practice_service.go:243.16,245.3 1 0
spellingclash/internal/service/practice_service.go:248.2,250.35 3 0
spellingclash/internal/service/practice_service.go:250.35,251.24 1 0
spellingclash/internal/service/practice_service.go:251.24,253.4 1 0
spellingclash/internal/service/practice_service.go:254.3,254.38 1 0
spellingclash/internal/service/practice_service.go:258.2,259.16 2 0
spellingclash/internal/service/practice_service.go:259.16,261.3 1 0
spellingclash/internal/service/practice_service.go:264.2,264.49 1 0
spellingclash/internal/service/practice_service.go:268.117,270.16 2 0
spellingclash/internal/service/practice_service.go:270.16,272.3 1 0
spellingclash/internal/service/practice_service.go:274.2,275.16 2 0
spellingclash/internal/service/practice_service.go:275.16,277.3 1 0
spellingclash/internal/service/practice_service.go:279.2,279.31 1 0
spellingclash/internal/service/practice_service.go:283.106,285.2 1 0
spellingclash/internal/service/practice_service.go:288.109,290.2 1 0
spellingclash/internal/service/practice_service.go:293.78,295.2 1 0
spellingclash/internal/service/practice_service.go:298.71,300.2 1 0
spellingclash/internal/service/practice_service.go:303.162,306.2 2 0
spellingclash/internal/service/practice_service.go:309.103,311.16 2 0
spellingclash/internal/service/practice_service.go:311.16,313.3 1 0
spellingclash/internal/service/practice_service.go:314.2,314.18 1 0
spellingclash/internal/service/practice_service.go:314.18,316.3 1 0
spellingclash/internal/service/practice_service.go:319.2,320.16 2 0
spellingclash/internal/service/practice_service.go:320.16,322.3 1 0
spellingclash/internal/service/practice_service.go:325.2,326.16 2 0
spellingclash/internal/service/practice_service.go:326.16,328.3 1 0
spellingclash/internal/service/practice_service.go:331.2,333.26 2 0
spellingclash/internal/service/practice_service.go:337.66,339.2 1 0
spellingclash/internal/service/practice_service.go:342.108,344.2 1 0
spellingclash/internal/service/practice_service.go:347.99,349.2 1 0
spellingclash/internal/service/practice_service.go:352.75,354.2 1 0
spellingclash/internal/service/practice_service.go:357.96,359.2 1 0
spellingclash/internal/service/practice_service.go:362.78,364.2 1 0
spellingclash/internal/utils/csrf.go:26.59,34.2 3 0
spellingclash/internal/utils/csrf.go:37.74,40.49 2 0
spellingclash/internal/utils/csrf.go:40.49,42.3 1 0
spellingclash/internal/utils/csrf.go:43.2,55.19 6 0
spellingclash/internal/utils/csrf.go:59.70,64.13 4 0
spellingclash/internal/utils/csrf.go:64.13,66.3 1 0
spellingclash/internal/utils/csrf.go:69.2,69.43 1 0
spellingclash/internal/utils/csrf.go:69.43,71.3 1 0
spellingclash/internal/utils/csrf.go:74.2,74.33 1 0
spellingclash/internal/utils/csrf.go:78.68,83.13 4 0
spellingclash/internal/utils/csrf.go:83.13,85.3 1 0
spellingclash/internal/utils/csrf.go:88.2,88.43 1 0
spellingclash/internal/utils/csrf.go:88.43,90.3 1 0
spellingclash/internal/utils/csrf.go:92.2,92.30 1 0
spellingclash/internal/utils/csrf.go:96.56,100.2 3 0
spellingclash/internal/utils/csrf.go:103.43,107.21 3 0
spellingclash/internal/utils/csrf.go:107.21,110.42 3 0
spellingclash/internal/utils/csrf.go:110.42,111.34 1 0
spellingclash/internal/utils/csrf.go:111.34,113.5 1 0
spellingclash/internal/utils/csrf.go:115.3,115.16 1 0
spellingclash/internal/utils/kid_credentials.go:26.44,28.16 2 0
spellingclash/internal/utils/kid_credentials.go:28.16,30.3 1 0
spellingclash/internal/utils/kid_credentials.go:32.2,33.16 2 0
spellingclash/internal/utils/kid_credentials.go:33.16,35.3 1 0
spellingclash/internal/utils/kid_credentials.go:37.2,37.36 1 0
spellingclash/internal/utils/kid_credentials.go:41.44,45.25 3 110
spellingclash/internal/utils/kid_credentials.go:45.25,47.17 2 440
spellingclash/internal/utils/kid_credentials.go:47.17,49.4 1 0
spellingclash/internal/utils/kid_credentials.go:50.3,50.35 1 440
spellingclash/internal/utils/kid_credentials.go:53.2,53.30 1 110
spellingclash/internal/utils/kid_credentials.go:57.52,58.21 1 0
spellingclash/internal/utils/kid_credentials.go:58.21,60.3 1 0
spellingclash/internal/utils/kid_credentials.go:62.2,63.16 2 0
spellingclash/internal/utils/kid_credentials.go:63.16,65.3 1 0
spellingclash/internal/utils/kid_credentials.go:67.2,67.32 1 0
spellingclash/internal/utils/password.go:12.52,14.16 2 3
spellingclash/internal/utils/password.go:14.16,16.3 1 0
spellingclash/internal/utils/password.go:17.2,17.26 1 3
spellingclash/internal/utils/password.go:21.48,24.2 2 3
spellingclash/internal/utils/ratelimit.go:26.66,35.2 3 0
spellingclash/internal/utils/ratelimit.go:38.46,41.13 3 0
spellingclash/internal/utils/ratelimit.go:41.13,47.3 2 0
spellingclash/internal/utils/ratelimit.go:48.2,56.26 6 0
spellingclash/internal/utils/ratelimit.go:56.26,59.3 2 0
spellingclash/internal/utils/ratelimit.go:62.2,62.18 1 0
spellingclash/internal/utils/ratelimit.go:62.18,65.3 2 0
spellingclash/internal/utils/ratelimit.go:67.2,67.14 1 0
spellingclash/internal/utils/ratelimit.go:71.42,75.21 3 0
spellingclash/internal/utils/ratelimit.go:75.21,78.34 3 0
spellingclash/internal/utils/ratelimit.go:78.34,80.43 2 0
spellingclash/internal/utils/ratelimit.go:80.43,82.5 1 0
spellingclash/internal/utils/ratelimit.go:83.4,83.17 1 0
spellingclash/internal/utils/ratelimit.go:85.3,85.17 1 0
spellingclash/internal/utils/ratelimit.go:90.42,93.21 2 0
spellingclash/internal/utils/ratelimit.go:93.21,95.3 1 0
spellingclash/internal/utils/ratelimit.go:98.2,99.18 2 0
spellingclash/internal/utils/ratelimit.go:99.18,101.3 1 0
spellingclash/internal/utils/ratelimit.go:104.2,104.21 1 0
spellingclash/internal/utils/session.go:11.33,13.2 1 0
spellingclash/internal/utils/session.go:17.44,19.18 1 0
spellingclash/internal/utils/session.go:19.18,21.3 1 0
spellingclash/internal/utils/session.go:24.2,24.66 1 0
spellingclash/internal/utils/session.go:24.66,26.3 1 0
spellingclash/internal/utils/session.go:29.2,29.29 1 0
spellingclash/internal/utils/session.go:29.29,31.3 1 0
spellingclash/internal/utils/session.go:33.2,33.14 1 0
spellingclash/internal/utils/session.go:38.95,48.2 1 0
spellingclash/internal/utils/session.go:52.68,61.2 1 0
spellingclash/internal/utils/tts.go:19.49,23.2 1 0
spellingclash/internal/utils/tts.go:27.69,37.45 5 0
spellingclash/internal/utils/tts.go:37.45,40.3 1 0
spellingclash/internal/utils/tts.go:43.2,43.65 1 0
spellingclash/internal/utils/tts.go:43.65,45.3 1 0
spellingclash/internal/utils/tts.go:47.2,47.22 1 0
spellingclash/internal/utils/tts.go:52.87,62.45 5 0
spellingclash/internal/utils/tts.go:62.45,65.3 1 0
spellingclash/internal/utils/tts.go:68.2,68.65 1 0
spellingclash/internal/utils/tts.go:68.65,70.3 1 0
spellingclash/internal/utils/tts.go:72.2,72.22 1 0
spellingclash/internal/utils/tts.go:77.76,93.16 10 0
spellingclash/internal/utils/tts.go:93.16,95.3 1 0
spellingclash/internal/utils/tts.go:98.2,103.16 4 0
spellingclash/internal/utils/tts.go:103.16,105.3 1 0
spellingclash/internal/utils/tts.go:106.2,108.38 2 0
spellingclash/internal/utils/tts.go:108.38,110.3 1 0
spellingclash/internal/utils/tts.go:113.2,114.16 2 0
spellingclash/internal/utils/tts.go:114.16,116.3 1 0
spellingclash/internal/utils/tts.go:117.2,121.16 3 0
spellingclash/internal/utils/tts.go:121.16,123.3 1 0
spellingclash/internal/utils/tts.go:125.2,125.12 1 0
spellingclash/internal/utils/tts.go:129.84,132.29 2 0
spellingclash/internal/utils/tts.go:132.29,134.17 2 0
spellingclash/internal/utils/tts.go:134.17,136.4 1 0
spellingclash/internal/utils/tts.go:137.3,137.27 1 0
spellingclash/internal/utils/tts.go:140.2,140.21 1 0
spellingclash/internal/utils/tts.go:144.61,148.53 2 0
spellingclash/internal/utils/tts.go:148.53,150.3 1 0
spellingclash/internal/utils/tts.go:152.2,152.28 1 0
spellingclash/internal/utils/tts.go:156.59,158.16 2 0
spellingclash/internal/utils/tts.go:158.16,160.3 1 0
spellingclash/internal/utils/tts.go:162.2,163.29 2 0
spellingclash/internal/utils/tts.go:163.29,164.59 1 0
spellingclash/internal/utils/tts.go:164.59,166.4 1 0
spellingclash/internal/utils/tts.go:169.2,169.24 1 0
spellingclash/internal/utils/validation.go:17.41,19.2 1 0
spellingclash/internal/utils/validation.go:22.40,24.17 2 8
spellingclash/internal/utils/validation.go:24.17,26.3 1 1
spellingclash/internal/utils/validation.go:27.2,27.36 1 7
spellingclash/internal/utils/validation.go:27.36,29.3 1 4
spellingclash/internal/utils/validation.go:30.2,30.12 1 3
spellingclash/internal/utils/validation.go:34.46,35.20 1 5
spellingclash/internal/utils/validation.go:35.20,37.3 1 1
spellingclash/internal/utils/validation.go:38.2,38.23 1 4
spellingclash/internal/utils/validation.go:38.23,40.3 1 1
spellingclash/internal/utils/validation.go:41.2,41.12 1 3
spellingclash/internal/utils/validation.go:45.38,47.16 2 6
spellingclash/internal/utils/validation.go:47.16,49.3 1 1
spellingclash/internal/utils/validation.go:50.2,50.19 1 5
spellingclash/internal/utils/validation.go:50.19,52.3 1 1
spellingclash/internal/utils/validation.go:53.2,53.12 1 4
